mode: set
github.com/cecil-the-coder/ai-provider-kit/pkg/providers/common/authhelpers.go:26.103,33.2 2 1
github.com/cecil-the-coder/ai-provider-kit/pkg/providers/common/authhelpers.go:37.37,41.27 2 1
github.com/cecil-the-coder/ai-provider-kit/pkg/providers/common/authhelpers.go:41.27,43.3 1 1
github.com/cecil-the-coder/ai-provider-kit/pkg/providers/common/authhelpers.go:46.2,46.36 1 1
github.com/cecil-the-coder/ai-provider-kit/pkg/providers/common/authhelpers.go:46.36,47.72 1 1
github.com/cecil-the-coder/ai-provider-kit/pkg/providers/common/authhelpers.go:47.72,49.4 1 1
github.com/cecil-the-coder/ai-provider-kit/pkg/providers/common/authhelpers.go:53.2,53.19 1 1
github.com/cecil-the-coder/ai-provider-kit/pkg/providers/common/authhelpers.go:53.19,55.3 1 1
github.com/cecil-the-coder/ai-provider-kit/pkg/providers/common/authhelpers.go:55.8,58.3 1 1
github.com/cecil-the-coder/ai-provider-kit/pkg/providers/common/authhelpers.go:62.71,63.40 1 1
github.com/cecil-the-coder/ai-provider-kit/pkg/providers/common/authhelpers.go:63.40,69.3 1 1
github.com/cecil-the-coder/ai-provider-kit/pkg/providers/common/authhelpers.go:73.45,75.71 1 1
github.com/cecil-the-coder/ai-provider-kit/pkg/providers/common/authhelpers.go:75.71,77.3 1 1
github.com/cecil-the-coder/ai-provider-kit/pkg/providers/common/authhelpers.go:80.2,80.63 1 1
github.com/cecil-the-coder/ai-provider-kit/pkg/providers/common/authhelpers.go:84.45,85.71 1 1
github.com/cecil-the-coder/ai-provider-kit/pkg/providers/common/authhelpers.go:85.71,87.3 1 1
github.com/cecil-the-coder/ai-provider-kit/pkg/providers/common/authhelpers.go:88.2,88.60 1 1
github.com/cecil-the-coder/ai-provider-kit/pkg/providers/common/authhelpers.go:88.60,90.3 1 1
github.com/cecil-the-coder/ai-provider-kit/pkg/providers/common/authhelpers.go:91.2,91.15 1 1
github.com/cecil-the-coder/ai-provider-kit/pkg/providers/common/authhelpers.go:101.33,106.20 3 0
github.com/cecil-the-coder/ai-provider-kit/pkg/providers/common/authhelpers.go:106.20,109.3 2 0
github.com/cecil-the-coder/ai-provider-kit/pkg/providers/common/authhelpers.go:111.2,113.27 2 0
github.com/cecil-the-coder/ai-provider-kit/pkg/providers/common/authhelpers.go:113.27,116.17 3 0
github.com/cecil-the-coder/ai-provider-kit/pkg/providers/common/authhelpers.go:116.17,119.4 2 0
github.com/cecil-the-coder/ai-provider-kit/pkg/providers/common/authhelpers.go:120.3,120.56 1 0
github.com/cecil-the-coder/ai-provider-kit/pkg/providers/common/authhelpers.go:121.8,123.3 1 0
github.com/cecil-the-coder/ai-provider-kit/pkg/providers/common/authhelpers.go:125.2,125.25 1 0
github.com/cecil-the-coder/ai-provider-kit/pkg/providers/common/authhelpers.go:125.25,130.3 4 0
github.com/cecil-the-coder/ai-provider-kit/pkg/providers/common/authhelpers.go:130.8,132.3 1 0
github.com/cecil-the-coder/ai-provider-kit/pkg/providers/common/authhelpers.go:134.2,135.83 2 0
github.com/cecil-the-coder/ai-provider-kit/pkg/providers/common/authhelpers.go:144.33,147.27 1 0
github.com/cecil-the-coder/ai-provider-kit/pkg/providers/common/authhelpers.go:147.27,150.30 2 0
github.com/cecil-the-coder/ai-provider-kit/pkg/providers/common/authhelpers.go:150.30,152.18 2 0
github.com/cecil-the-coder/ai-provider-kit/pkg/providers/common/authhelpers.go:152.18,154.5 1 0
github.com/cecil-the-coder/ai-provider-kit/pkg/providers/common/authhelpers.go:158.2,158.25 1 0
github.com/cecil-the-coder/ai-provider-kit/pkg/providers/common/authhelpers.go:158.25,161.28 2 0
github.com/cecil-the-coder/ai-provider-kit/pkg/providers/common/authhelpers.go:161.28,163.18 2 0
github.com/cecil-the-coder/ai-provider-kit/pkg/providers/common/authhelpers.go:163.18,165.5 1 0
github.com/cecil-the-coder/ai-provider-kit/pkg/providers/common/authhelpers.go:169.2,169.79 1 0
github.com/cecil-the-coder/ai-provider-kit/pkg/providers/common/authhelpers.go:173.91,174.18 1 1
github.com/cecil-the-coder/ai-provider-kit/pkg/providers/common/authhelpers.go:175.25,176.55 1 1
github.com/cecil-the-coder/ai-provider-kit/pkg/providers/common/authhelpers.go:177.17,179.25 1 1
github.com/cecil-the-coder/ai-provider-kit/pkg/providers/common/authhelpers.go:180.20,181.42 1 1
github.com/cecil-the-coder/ai-provider-kit/pkg/providers/common/authhelpers.go:182.17,183.47 1 1
github.com/cecil-the-coder/ai-provider-kit/pkg/providers/common/authhelpers.go:184.11,185.56 1 0
github.com/cecil-the-coder/ai-provider-kit/pkg/providers/common/authhelpers.go:187.16,187.16 0 0
github.com/cecil-the-coder/ai-provider-kit/pkg/providers/common/authhelpers.go:194.68,195.24 1 1
github.com/cecil-the-coder/ai-provider-kit/pkg/providers/common/authhelpers.go:196.19,199.35 2 1
github.com/cecil-the-coder/ai-provider-kit/pkg/providers/common/authhelpers.go:199.35,201.4 1 1
github.com/cecil-the-coder/ai-provider-kit/pkg/providers/common/authhelpers.go:202.16,204.37 1 1
github.com/cecil-the-coder/ai-provider-kit/pkg/providers/common/authhelpers.go:204.37,205.76 1 1
github.com/cecil-the-coder/ai-provider-kit/pkg/providers/common/authhelpers.go:205.76,207.5 1 1
github.com/cecil-the-coder/ai-provider-kit/pkg/providers/common/authhelpers.go:209.20,211.37 1 1
github.com/cecil-the-coder/ai-provider-kit/pkg/providers/common/authhelpers.go:211.37,212.88 1 1
github.com/cecil-the-coder/ai-provider-kit/pkg/providers/common/authhelpers.go:212.88,214.5 1 1
github.com/cecil-the-coder/ai-provider-kit/pkg/providers/common/authhelpers.go:215.4,215.91 1 1
github.com/cecil-the-coder/ai-provider-kit/pkg/providers/common/authhelpers.go:215.91,217.5 1 1
github.com/cecil-the-coder/ai-provider-kit/pkg/providers/common/authhelpers.go:228.27,232.16 2 0
github.com/cecil-the-coder/ai-provider-kit/pkg/providers/common/authhelpers.go:232.16,234.3 1 0
github.com/cecil-the-coder/ai-provider-kit/pkg/providers/common/authhelpers.go:237.2,237.17 1 0
github.com/cecil-the-coder/ai-provider-kit/pkg/providers/common/authhelpers.go:237.17,241.3 1 0
github.com/cecil-the-coder/ai-provider-kit/pkg/providers/common/authhelpers.go:244.2,244.34 1 0
github.com/cecil-the-coder/ai-provider-kit/pkg/providers/common/authhelpers.go:244.34,246.3 1 0
github.com/cecil-the-coder/ai-provider-kit/pkg/providers/common/authhelpers.go:249.2,253.16 3 0
github.com/cecil-the-coder/ai-provider-kit/pkg/providers/common/authhelpers.go:253.16,255.3 1 0
github.com/cecil-the-coder/ai-provider-kit/pkg/providers/common/authhelpers.go:257.2,257.18 1 0
github.com/cecil-the-coder/ai-provider-kit/pkg/providers/common/authhelpers.go:261.71,262.16 1 1
github.com/cecil-the-coder/ai-provider-kit/pkg/providers/common/authhelpers.go:262.16,264.3 1 1
github.com/cecil-the-coder/ai-provider-kit/pkg/providers/common/authhelpers.go:267.2,269.93 2 1
github.com/cecil-the-coder/ai-provider-kit/pkg/providers/common/authhelpers.go:269.93,271.3 1 0
github.com/cecil-the-coder/ai-provider-kit/pkg/providers/common/authhelpers.go:273.2,273.98 1 1
github.com/cecil-the-coder/ai-provider-kit/pkg/providers/common/authhelpers.go:273.98,275.3 1 0
github.com/cecil-the-coder/ai-provider-kit/pkg/providers/common/authhelpers.go:277.2,277.95 1 1
github.com/cecil-the-coder/ai-provider-kit/pkg/providers/common/authhelpers.go:277.95,279.3 1 0
github.com/cecil-the-coder/ai-provider-kit/pkg/providers/common/authhelpers.go:281.2,281.92 1 1
github.com/cecil-the-coder/ai-provider-kit/pkg/providers/common/authhelpers.go:281.92,283.3 1 0
github.com/cecil-the-coder/ai-provider-kit/pkg/providers/common/authhelpers.go:286.2,286.20 1 1
github.com/cecil-the-coder/ai-provider-kit/pkg/providers/common/authhelpers.go:287.11,288.96 1 1
github.com/cecil-the-coder/ai-provider-kit/pkg/providers/common/authhelpers.go:289.11,290.95 1 1
github.com/cecil-the-coder/ai-provider-kit/pkg/providers/common/authhelpers.go:291.11,292.87 1 1
github.com/cecil-the-coder/ai-provider-kit/pkg/providers/common/authhelpers.go:295.2,295.12 1 0
github.com/cecil-the-coder/ai-provider-kit/pkg/providers/common/authhelpers.go:299.44,302.2 2 1
github.com/cecil-the-coder/ai-provider-kit/pkg/providers/common/authhelpers.go:305.76,306.27 1 1
github.com/cecil-the-coder/ai-provider-kit/pkg/providers/common/authhelpers.go:307.30,308.30 1 1
github.com/cecil-the-coder/ai-provider-kit/pkg/providers/common/authhelpers.go:308.30,310.4 1 1
github.com/cecil-the-coder/ai-provider-kit/pkg/providers/common/authhelpers.go:311.29,312.42 1 0
github.com/cecil-the-coder/ai-provider-kit/pkg/providers/common/authhelpers.go:312.42,314.4 1 0
github.com/cecil-the-coder/ai-provider-kit/pkg/providers/common/authhelpers.go:315.35,316.30 1 1
github.com/cecil-the-coder/ai-provider-kit/pkg/providers/common/authhelpers.go:316.30,318.4 1 0
github.com/cecil-the-coder/ai-provider-kit/pkg/providers/common/authhelpers.go:319.10,320.80 1 1
github.com/cecil-the-coder/ai-provider-kit/pkg/providers/common/authhelpers.go:323.2,323.12 1 1
github.com/cecil-the-coder/ai-provider-kit/pkg/providers/common/authhelpers.go:327.61,335.25 2 1
github.com/cecil-the-coder/ai-provider-kit/pkg/providers/common/authhelpers.go:335.25,338.20 3 1
github.com/cecil-the-coder/ai-provider-kit/pkg/providers/common/authhelpers.go:338.20,340.4 1 1
github.com/cecil-the-coder/ai-provider-kit/pkg/providers/common/authhelpers.go:344.2,344.27 1 1
github.com/cecil-the-coder/ai-provider-kit/pkg/providers/common/authhelpers.go:344.27,347.21 3 0
github.com/cecil-the-coder/ai-provider-kit/pkg/providers/common/authhelpers.go:347.21,351.4 2 0
github.com/cecil-the-coder/ai-provider-kit/pkg/providers/common/authhelpers.go:354.2,354.15 1 1
github.com/cecil-the-coder/ai-provider-kit/pkg/providers/common/authhelpers.go:358.71,359.27 1 1
github.com/cecil-the-coder/ai-provider-kit/pkg/providers/common/authhelpers.go:359.27,361.3 1 1
github.com/cecil-the-coder/ai-provider-kit/pkg/providers/common/authhelpers.go:363.2,366.29 3 0
github.com/cecil-the-coder/ai-provider-kit/pkg/providers/common/authhelpers.go:366.29,369.141 1 0
github.com/cecil-the-coder/ai-provider-kit/pkg/providers/common/authhelpers.go:369.141,371.58 1 0
github.com/cecil-the-coder/ai-provider-kit/pkg/providers/common/authhelpers.go:371.58,374.5 1 0
github.com/cecil-the-coder/ai-provider-kit/pkg/providers/common/authhelpers.go:375.4,375.36 1 0
github.com/cecil-the-coder/ai-provider-kit/pkg/providers/common/authhelpers.go:378.3,378.17 1 0
github.com/cecil-the-coder/ai-provider-kit/pkg/providers/common/authhelpers.go:378.17,380.4 1 0
github.com/cecil-the-coder/ai-provider-kit/pkg/providers/common/authhelpers.go:383.2,383.21 1 0
github.com/cecil-the-coder/ai-provider-kit/pkg/providers/common/authhelpers.go:383.21,385.3 1 0
github.com/cecil-the-coder/ai-provider-kit/pkg/providers/common/authhelpers.go:387.2,387.12 1 0
github.com/cecil-the-coder/ai-provider-kit/pkg/providers/common/confighelper.go:19.90,24.2 1 1
github.com/cecil-the-coder/ai-provider-kit/pkg/providers/common/confighelper.go:33.93,37.35 2 1
github.com/cecil-the-coder/ai-provider-kit/pkg/providers/common/confighelper.go:37.35,39.3 1 1
github.com/cecil-the-coder/ai-provider-kit/pkg/providers/common/confighelper.go:46.2,46.24 1 1
github.com/cecil-the-coder/ai-provider-kit/pkg/providers/common/confighelper.go:46.24,48.3 1 1
github.com/cecil-the-coder/ai-provider-kit/pkg/providers/common/confighelper.go:51.2,51.26 1 1
github.com/cecil-the-coder/ai-provider-kit/pkg/providers/common/confighelper.go:51.26,53.3 1 1
github.com/cecil-the-coder/ai-provider-kit/pkg/providers/common/confighelper.go:55.2,58.3 1 1
github.com/cecil-the-coder/ai-provider-kit/pkg/providers/common/confighelper.go:62.77,66.25 2 1
github.com/cecil-the-coder/ai-provider-kit/pkg/providers/common/confighelper.go:66.25,68.3 1 1
github.com/cecil-the-coder/ai-provider-kit/pkg/providers/common/confighelper.go:71.2,71.34 1 1
github.com/cecil-the-coder/ai-provider-kit/pkg/providers/common/confighelper.go:71.34,72.72 1 1
github.com/cecil-the-coder/ai-provider-kit/pkg/providers/common/confighelper.go:72.72,74.4 1 1
github.com/cecil-the-coder/ai-provider-kit/pkg/providers/common/confighelper.go:77.2,77.13 1 1
github.com/cecil-the-coder/ai-provider-kit/pkg/providers/common/confighelper.go:81.75,82.26 1 1
github.com/cecil-the-coder/ai-provider-kit/pkg/providers/common/confighelper.go:82.26,84.3 1 1
github.com/cecil-the-coder/ai-provider-kit/pkg/providers/common/confighelper.go:87.2,87.24 1 1
github.com/cecil-the-coder/ai-provider-kit/pkg/providers/common/confighelper.go:88.32,89.37 1 1
github.com/cecil-the-coder/ai-provider-kit/pkg/providers/common/confighelper.go:90.35,91.37 1 1
github.com/cecil-the-coder/ai-provider-kit/pkg/providers/common/confighelper.go:92.32,93.60 1 1
github.com/cecil-the-coder/ai-provider-kit/pkg/providers/common/confighelper.go:94.34,95.38 1 1
github.com/cecil-the-coder/ai-provider-kit/pkg/providers/common/confighelper.go:96.30,97.61 1 1
github.com/cecil-the-coder/ai-provider-kit/pkg/providers/common/confighelper.go:98.36,99.40 1 1
github.com/cecil-the-coder/ai-provider-kit/pkg/providers/common/confighelper.go:100.10,101.12 1 0
github.com/cecil-the-coder/ai-provider-kit/pkg/providers/common/confighelper.go:107.80,109.2 1 1
github.com/cecil-the-coder/ai-provider-kit/pkg/providers/common/confighelper.go:112.82,113.24 1 1
github.com/cecil-the-coder/ai-provider-kit/pkg/providers/common/confighelper.go:113.24,115.3 1 1
github.com/cecil-the-coder/ai-provider-kit/pkg/providers/common/confighelper.go:116.2,116.25 1 1
github.com/cecil-the-coder/ai-provider-kit/pkg/providers/common/confighelper.go:120.74,121.26 1 1
github.com/cecil-the-coder/ai-provider-kit/pkg/providers/common/confighelper.go:121.26,123.3 1 1
github.com/cecil-the-coder/ai-provider-kit/pkg/providers/common/confighelper.go:126.2,126.24 1 1
github.com/cecil-the-coder/ai-provider-kit/pkg/providers/common/confighelper.go:127.32,128.14 1 1
github.com/cecil-the-coder/ai-provider-kit/pkg/providers/common/confighelper.go:129.35,130.14 1 1
github.com/cecil-the-coder/ai-provider-kit/pkg/providers/common/confighelper.go:131.32,132.14 1 1
github.com/cecil-the-coder/ai-provider-kit/pkg/providers/common/confighelper.go:133.34,134.14 1 0
github.com/cecil-the-coder/ai-provider-kit/pkg/providers/common/confighelper.go:135.30,136.14 1 1
github.com/cecil-the-coder/ai-provider-kit/pkg/providers/common/confighelper.go:137.36,138.14 1 1
github.com/cecil-the-coder/ai-provider-kit/pkg/providers/common/confighelper.go:139.10,140.14 1 0
github.com/cecil-the-coder/ai-provider-kit/pkg/providers/common/confighelper.go:145.109,146.34 1 1
github.com/cecil-the-coder/ai-provider-kit/pkg/providers/common/confighelper.go:146.34,148.3 1 1
github.com/cecil-the-coder/ai-provider-kit/pkg/providers/common/confighelper.go:151.2,152.16 2 1
github.com/cecil-the-coder/ai-provider-kit/pkg/providers/common/confighelper.go:152.16,154.3 1 0
github.com/cecil-the-coder/ai-provider-kit/pkg/providers/common/confighelper.go:156.2,156.60 1 1
github.com/cecil-the-coder/ai-provider-kit/pkg/providers/common/confighelper.go:156.60,158.3 1 0
github.com/cecil-the-coder/ai-provider-kit/pkg/providers/common/confighelper.go:160.2,160.12 1 1
github.com/cecil-the-coder/ai-provider-kit/pkg/providers/common/confighelper.go:164.107,165.34 1 1
github.com/cecil-the-coder/ai-provider-kit/pkg/providers/common/confighelper.go:165.34,167.3 1 1
github.com/cecil-the-coder/ai-provider-kit/pkg/providers/common/confighelper.go:169.2,169.79 1 1
github.com/cecil-the-coder/ai-provider-kit/pkg/providers/common/confighelper.go:169.79,171.3 1 1
github.com/cecil-the-coder/ai-provider-kit/pkg/providers/common/confighelper.go:173.2,173.17 1 1
github.com/cecil-the-coder/ai-provider-kit/pkg/providers/common/confighelper.go:177.104,178.34 1 1
github.com/cecil-the-coder/ai-provider-kit/pkg/providers/common/confighelper.go:178.34,180.3 1 1
github.com/cecil-the-coder/ai-provider-kit/pkg/providers/common/confighelper.go:182.2,182.66 1 1
github.com/cecil-the-coder/ai-provider-kit/pkg/providers/common/confighelper.go:182.66,184.3 1 1
github.com/cecil-the-coder/ai-provider-kit/pkg/providers/common/confighelper.go:186.2,186.12 1 1
github.com/cecil-the-coder/ai-provider-kit/pkg/providers/common/confighelper.go:190.110,195.16 3 1
github.com/cecil-the-coder/ai-provider-kit/pkg/providers/common/confighelper.go:195.16,197.3 1 0
github.com/cecil-the-coder/ai-provider-kit/pkg/providers/common/confighelper.go:199.2,199.64 1 1
github.com/cecil-the-coder/ai-provider-kit/pkg/providers/common/confighelper.go:199.64,201.3 1 0
github.com/cecil-the-coder/ai-provider-kit/pkg/providers/common/confighelper.go:204.2,204.72 1 1
github.com/cecil-the-coder/ai-provider-kit/pkg/providers/common/confighelper.go:204.72,206.3 1 1
github.com/cecil-the-coder/ai-provider-kit/pkg/providers/common/confighelper.go:207.2,207.74 1 1
github.com/cecil-the-coder/ai-provider-kit/pkg/providers/common/confighelper.go:207.74,209.3 1 1
github.com/cecil-the-coder/ai-provider-kit/pkg/providers/common/confighelper.go:210.2,210.68 1 1
github.com/cecil-the-coder/ai-provider-kit/pkg/providers/common/confighelper.go:210.68,212.3 1 1
github.com/cecil-the-coder/ai-provider-kit/pkg/providers/common/confighelper.go:215.2,216.16 2 1
github.com/cecil-the-coder/ai-provider-kit/pkg/providers/common/confighelper.go:216.16,218.3 1 0
github.com/cecil-the-coder/ai-provider-kit/pkg/providers/common/confighelper.go:220.2,220.53 1 1
github.com/cecil-the-coder/ai-provider-kit/pkg/providers/common/confighelper.go:224.61,225.24 1 1
github.com/cecil-the-coder/ai-provider-kit/pkg/providers/common/confighelper.go:226.32,227.40 1 1
github.com/cecil-the-coder/ai-provider-kit/pkg/providers/common/confighelper.go:228.35,229.48 1 1
github.com/cecil-the-coder/ai-provider-kit/pkg/providers/common/confighelper.go:230.32,231.12 1 1
github.com/cecil-the-coder/ai-provider-kit/pkg/providers/common/confighelper.go:232.10,233.12 1 1
github.com/cecil-the-coder/ai-provider-kit/pkg/providers/common/confighelper.go:238.118,239.24 1 1
github.com/cecil-the-coder/ai-provider-kit/pkg/providers/common/confighelper.go:240.32,241.26 1 1
github.com/cecil-the-coder/ai-provider-kit/pkg/providers/common/confighelper.go:242.35,243.27 1 1
github.com/cecil-the-coder/ai-provider-kit/pkg/providers/common/confighelper.go:244.32,245.27 1 1
github.com/cecil-the-coder/ai-provider-kit/pkg/providers/common/confighelper.go:246.34,247.27 1 0
github.com/cecil-the-coder/ai-provider-kit/pkg/providers/common/confighelper.go:248.30,249.27 1 0
github.com/cecil-the-coder/ai-provider-kit/pkg/providers/common/confighelper.go:250.36,251.27 1 0
github.com/cecil-the-coder/ai-provider-kit/pkg/providers/common/confighelper.go:252.10,253.29 1 0
github.com/cecil-the-coder/ai-provider-kit/pkg/providers/common/confighelper.go:258.99,266.34 4 1
github.com/cecil-the-coder/ai-provider-kit/pkg/providers/common/confighelper.go:266.34,268.49 2 1
github.com/cecil-the-coder/ai-provider-kit/pkg/providers/common/confighelper.go:268.49,269.15 1 1
github.com/cecil-the-coder/ai-provider-kit/pkg/providers/common/confighelper.go:270.81,272.13 1 1
github.com/cecil-the-coder/ai-provider-kit/pkg/providers/common/confighelper.go:273.12,274.41 1 1
github.com/cecil-the-coder/ai-provider-kit/pkg/providers/common/confighelper.go:277.3,277.53 1 1
github.com/cecil-the-coder/ai-provider-kit/pkg/providers/common/confighelper.go:280.2,280.18 1 1
github.com/cecil-the-coder/ai-provider-kit/pkg/providers/common/confighelper.go:284.90,296.25 9 1
github.com/cecil-the-coder/ai-provider-kit/pkg/providers/common/confighelper.go:296.25,298.3 1 1
github.com/cecil-the-coder/ai-provider-kit/pkg/providers/common/confighelper.go:299.2,299.39 1 1
github.com/cecil-the-coder/ai-provider-kit/pkg/providers/common/confighelper.go:299.39,301.3 1 0
github.com/cecil-the-coder/ai-provider-kit/pkg/providers/common/confighelper.go:302.2,302.38 1 1
github.com/cecil-the-coder/ai-provider-kit/pkg/providers/common/confighelper.go:302.38,304.3 1 0
github.com/cecil-the-coder/ai-provider-kit/pkg/providers/common/confighelper.go:305.2,315.16 4 1
github.com/cecil-the-coder/ai-provider-kit/pkg/providers/common/confighelper.go:319.92,323.26 2 1
github.com/cecil-the-coder/ai-provider-kit/pkg/providers/common/confighelper.go:323.26,325.3 1 1
github.com/cecil-the-coder/ai-provider-kit/pkg/providers/common/confighelper.go:326.2,326.31 1 1
github.com/cecil-the-coder/ai-provider-kit/pkg/providers/common/confighelper.go:326.31,328.3 1 1
github.com/cecil-the-coder/ai-provider-kit/pkg/providers/common/confighelper.go:329.2,329.25 1 1
github.com/cecil-the-coder/ai-provider-kit/pkg/providers/common/confighelper.go:329.25,331.3 1 1
github.com/cecil-the-coder/ai-provider-kit/pkg/providers/common/confighelper.go:332.2,332.27 1 1
github.com/cecil-the-coder/ai-provider-kit/pkg/providers/common/confighelper.go:332.27,334.3 1 1
github.com/cecil-the-coder/ai-provider-kit/pkg/providers/common/confighelper.go:337.2,337.94 1 1
github.com/cecil-the-coder/ai-provider-kit/pkg/providers/common/confighelper.go:337.94,342.3 4 1
github.com/cecil-the-coder/ai-provider-kit/pkg/providers/common/confighelper.go:344.2,344.15 1 1
github.com/cecil-the-coder/ai-provider-kit/pkg/providers/common/fileutils.go:15.55,17.20 1 1
github.com/cecil-the-coder/ai-provider-kit/pkg/providers/common/fileutils.go:17.20,19.3 1 1
github.com/cecil-the-coder/ai-provider-kit/pkg/providers/common/fileutils.go:21.2,24.16 3 1
github.com/cecil-the-coder/ai-provider-kit/pkg/providers/common/fileutils.go:24.16,26.3 1 1
github.com/cecil-the-coder/ai-provider-kit/pkg/providers/common/fileutils.go:27.2,27.26 1 1
github.com/cecil-the-coder/ai-provider-kit/pkg/providers/common/fileutils.go:39.76,40.22 1 1
github.com/cecil-the-coder/ai-provider-kit/pkg/providers/common/fileutils.go:40.22,42.3 1 1
github.com/cecil-the-coder/ai-provider-kit/pkg/providers/common/fileutils.go:44.2,45.36 2 1
github.com/cecil-the-coder/ai-provider-kit/pkg/providers/common/fileutils.go:45.36,49.30 3 1
github.com/cecil-the-coder/ai-provider-kit/pkg/providers/common/fileutils.go:49.30,51.4 1 1
github.com/cecil-the-coder/ai-provider-kit/pkg/providers/common/fileutils.go:53.2,53.17 1 1
github.com/cecil-the-coder/ai-provider-kit/pkg/providers/common/fileutils.go:59.56,61.22 1 1
github.com/cecil-the-coder/ai-provider-kit/pkg/providers/common/fileutils.go:61.22,63.3 1 1
github.com/cecil-the-coder/ai-provider-kit/pkg/providers/common/fileutils.go:65.2,67.37 2 1
github.com/cecil-the-coder/ai-provider-kit/pkg/providers/common/health.go:50.62,56.2 1 1
github.com/cecil-the-coder/ai-provider-kit/pkg/providers/common/health.go:59.34,60.22 1 1
github.com/cecil-the-coder/ai-provider-kit/pkg/providers/common/health.go:60.22,62.3 1 1
github.com/cecil-the-coder/ai-provider-kit/pkg/providers/common/health.go:64.2,67.12 3 1
github.com/cecil-the-coder/ai-provider-kit/pkg/providers/common/health.go:67.12,68.7 1 1
github.com/cecil-the-coder/ai-provider-kit/pkg/providers/common/health.go:68.7,69.11 1 1
github.com/cecil-the-coder/ai-provider-kit/pkg/providers/common/health.go:70.23,71.26 1 1
github.com/cecil-the-coder/ai-provider-kit/pkg/providers/common/health.go:72.23,73.11 1 1
github.com/cecil-the-coder/ai-provider-kit/pkg/providers/common/health.go:80.33,81.22 1 1
github.com/cecil-the-coder/ai-provider-kit/pkg/providers/common/health.go:81.22,83.3 1 1
github.com/cecil-the-coder/ai-provider-kit/pkg/providers/common/health.go:85.2,87.17 3 1
github.com/cecil-the-coder/ai-provider-kit/pkg/providers/common/health.go:91.68,93.2 1 1
github.com/cecil-the-coder/ai-provider-kit/pkg/providers/common/health.go:96.98,101.45 3 0
github.com/cecil-the-coder/ai-provider-kit/pkg/providers/common/health.go:101.45,103.3 1 0
github.com/cecil-the-coder/ai-provider-kit/pkg/providers/common/health.go:105.2,105.21 1 0
github.com/cecil-the-coder/ai-provider-kit/pkg/providers/common/health.go:105.21,107.3 1 0
github.com/cecil-the-coder/ai-provider-kit/pkg/providers/common/health.go:109.2,109.12 1 0
github.com/cecil-the-coder/ai-provider-kit/pkg/providers/common/health.go:113.45,116.44 3 1
github.com/cecil-the-coder/ai-provider-kit/pkg/providers/common/health.go:116.44,118.3 1 0
github.com/cecil-the-coder/ai-provider-kit/pkg/providers/common/health.go:119.2,121.41 2 1
github.com/cecil-the-coder/ai-provider-kit/pkg/providers/common/health.go:121.41,125.62 2 0
github.com/cecil-the-coder/ai-provider-kit/pkg/providers/common/health.go:125.62,128.4 2 0
github.com/cecil-the-coder/ai-provider-kit/pkg/providers/common/health.go:129.3,129.17 1 0
github.com/cecil-the-coder/ai-provider-kit/pkg/providers/common/health.go:134.115,138.16 3 0
github.com/cecil-the-coder/ai-provider-kit/pkg/providers/common/health.go:138.16,144.3 1 0
github.com/cecil-the-coder/ai-provider-kit/pkg/providers/common/health.go:147.2,152.16 2 0
github.com/cecil-the-coder/ai-provider-kit/pkg/providers/common/health.go:152.16,158.3 1 0
github.com/cecil-the-coder/ai-provider-kit/pkg/providers/common/health.go:161.2,164.16 3 0
github.com/cecil-the-coder/ai-provider-kit/pkg/providers/common/health.go:164.16,170.3 1 0
github.com/cecil-the-coder/ai-provider-kit/pkg/providers/common/health.go:171.2,171.15 1 0
github.com/cecil-the-coder/ai-provider-kit/pkg/providers/common/health.go:171.15,173.43 1 0
github.com/cecil-the-coder/ai-provider-kit/pkg/providers/common/health.go:173.44,175.4 0 0
github.com/cecil-the-coder/ai-provider-kit/pkg/providers/common/health.go:179.2,179.53 1 0
github.com/cecil-the-coder/ai-provider-kit/pkg/providers/common/health.go:179.53,185.3 1 0
github.com/cecil-the-coder/ai-provider-kit/pkg/providers/common/health.go:187.2,193.3 1 0
github.com/cecil-the-coder/ai-provider-kit/pkg/providers/common/health.go:197.97,200.23 2 0
github.com/cecil-the-coder/ai-provider-kit/pkg/providers/common/health.go:201.90,202.64 1 0
github.com/cecil-the-coder/ai-provider-kit/pkg/providers/common/health.go:203.35,205.46 2 0
github.com/cecil-the-coder/ai-provider-kit/pkg/providers/common/health.go:206.32,207.53 1 0
github.com/cecil-the-coder/ai-provider-kit/pkg/providers/common/health.go:210.2,210.16 1 0
github.com/cecil-the-coder/ai-provider-kit/pkg/providers/common/health.go:214.104,219.13 4 0
github.com/cecil-the-coder/ai-provider-kit/pkg/providers/common/health.go:219.13,225.3 2 0
github.com/cecil-the-coder/ai-provider-kit/pkg/providers/common/health.go:227.2,231.20 4 0
github.com/cecil-the-coder/ai-provider-kit/pkg/providers/common/health.go:231.20,236.3 4 0
github.com/cecil-the-coder/ai-provider-kit/pkg/providers/common/health.go:236.8,241.3 4 0
github.com/cecil-the-coder/ai-provider-kit/pkg/providers/common/health.go:244.2,244.27 1 0
github.com/cecil-the-coder/ai-provider-kit/pkg/providers/common/health.go:244.27,245.36 1 0
github.com/cecil-the-coder/ai-provider-kit/pkg/providers/common/health.go:245.36,247.4 1 0
github.com/cecil-the-coder/ai-provider-kit/pkg/providers/common/health.go:252.91,257.13 4 0
github.com/cecil-the-coder/ai-provider-kit/pkg/providers/common/health.go:257.13,263.3 1 0
github.com/cecil-the-coder/ai-provider-kit/pkg/providers/common/health.go:266.2,268.35 3 0
github.com/cecil-the-coder/ai-provider-kit/pkg/providers/common/health.go:268.35,270.3 1 0
github.com/cecil-the-coder/ai-provider-kit/pkg/providers/common/health.go:272.2,272.14 1 0
github.com/cecil-the-coder/ai-provider-kit/pkg/providers/common/health.go:276.90,281.13 4 1
github.com/cecil-the-coder/ai-provider-kit/pkg/providers/common/health.go:281.13,287.3 1 1
github.com/cecil-the-coder/ai-provider-kit/pkg/providers/common/health.go:290.2,292.35 3 1
github.com/cecil-the-coder/ai-provider-kit/pkg/providers/common/health.go:292.35,294.3 1 1
github.com/cecil-the-coder/ai-provider-kit/pkg/providers/common/health.go:296.2,296.13 1 1
github.com/cecil-the-coder/ai-provider-kit/pkg/providers/common/health.go:300.85,305.52 4 1
github.com/cecil-the-coder/ai-provider-kit/pkg/providers/common/health.go:305.52,308.36 3 1
github.com/cecil-the-coder/ai-provider-kit/pkg/providers/common/health.go:308.36,310.4 1 0
github.com/cecil-the-coder/ai-provider-kit/pkg/providers/common/health.go:311.3,311.30 1 1
github.com/cecil-the-coder/ai-provider-kit/pkg/providers/common/health.go:314.2,314.15 1 1
github.com/cecil-the-coder/ai-provider-kit/pkg/providers/common/health.go:318.74,323.13 4 1
github.com/cecil-the-coder/ai-provider-kit/pkg/providers/common/health.go:323.13,325.3 1 1
github.com/cecil-the-coder/ai-provider-kit/pkg/providers/common/health.go:327.2,327.23 1 1
github.com/cecil-the-coder/ai-provider-kit/pkg/providers/common/health.go:331.69,336.52 4 1
github.com/cecil-the-coder/ai-provider-kit/pkg/providers/common/health.go:336.52,337.21 1 1
github.com/cecil-the-coder/ai-provider-kit/pkg/providers/common/health.go:337.21,339.4 1 1
github.com/cecil-the-coder/ai-provider-kit/pkg/providers/common/health.go:342.2,342.16 1 1
github.com/cecil-the-coder/ai-provider-kit/pkg/providers/common/health.go:346.71,351.52 4 1
github.com/cecil-the-coder/ai-provider-kit/pkg/providers/common/health.go:351.52,352.22 1 1
github.com/cecil-the-coder/ai-provider-kit/pkg/providers/common/health.go:352.22,354.4 1 1
github.com/cecil-the-coder/ai-provider-kit/pkg/providers/common/health.go:357.2,357.18 1 1
github.com/cecil-the-coder/ai-provider-kit/pkg/providers/common/health.go:361.77,366.2 3 1
github.com/cecil-the-coder/ai-provider-kit/pkg/providers/common/health.go:369.59,380.52 4 1
github.com/cecil-the-coder/ai-provider-kit/pkg/providers/common/health.go:380.52,382.21 2 1
github.com/cecil-the-coder/ai-provider-kit/pkg/providers/common/health.go:382.21,384.4 1 1
github.com/cecil-the-coder/ai-provider-kit/pkg/providers/common/health.go:384.9,386.4 1 1
github.com/cecil-the-coder/ai-provider-kit/pkg/providers/common/health.go:389.2,389.16 1 1
github.com/cecil-the-coder/ai-provider-kit/pkg/providers/common/health.go:401.96,404.23 2 1
github.com/cecil-the-coder/ai-provider-kit/pkg/providers/common/health.go:405.32,406.20 1 1
github.com/cecil-the-coder/ai-provider-kit/pkg/providers/common/health.go:406.20,408.4 1 1
github.com/cecil-the-coder/ai-provider-kit/pkg/providers/common/health.go:409.3,409.37 1 1
github.com/cecil-the-coder/ai-provider-kit/pkg/providers/common/health.go:410.35,411.20 1 1
github.com/cecil-the-coder/ai-provider-kit/pkg/providers/common/health.go:411.20,413.4 1 1
github.com/cecil-the-coder/ai-provider-kit/pkg/providers/common/health.go:414.3,414.39 1 1
github.com/cecil-the-coder/ai-provider-kit/pkg/providers/common/health.go:415.36,416.20 1 1
github.com/cecil-the-coder/ai-provider-kit/pkg/providers/common/health.go:416.20,418.4 1 1
github.com/cecil-the-coder/ai-provider-kit/pkg/providers/common/health.go:419.3,419.41 1 1
github.com/cecil-the-coder/ai-provider-kit/pkg/providers/common/health.go:420.34,421.20 1 1
github.com/cecil-the-coder/ai-provider-kit/pkg/providers/common/health.go:421.20,423.4 1 1
github.com/cecil-the-coder/ai-provider-kit/pkg/providers/common/health.go:424.3,424.37 1 1
github.com/cecil-the-coder/ai-provider-kit/pkg/providers/common/health.go:425.32,426.20 1 1
github.com/cecil-the-coder/ai-provider-kit/pkg/providers/common/health.go:426.20,428.4 1 1
github.com/cecil-the-coder/ai-provider-kit/pkg/providers/common/health.go:429.3,429.37 1 1
github.com/cecil-the-coder/ai-provider-kit/pkg/providers/common/health.go:430.10,431.72 1 1
github.com/cecil-the-coder/ai-provider-kit/pkg/providers/common/initializer.go:49.76,51.32 1 1
github.com/cecil-the-coder/ai-provider-kit/pkg/providers/common/initializer.go:51.32,53.3 1 1
github.com/cecil-the-coder/ai-provider-kit/pkg/providers/common/initializer.go:54.2,54.28 1 1
github.com/cecil-the-coder/ai-provider-kit/pkg/providers/common/initializer.go:54.28,56.3 1 1
github.com/cecil-the-coder/ai-provider-kit/pkg/providers/common/initializer.go:57.2,57.37 1 1
github.com/cecil-the-coder/ai-provider-kit/pkg/providers/common/initializer.go:57.37,59.3 1 1
github.com/cecil-the-coder/ai-provider-kit/pkg/providers/common/initializer.go:60.2,60.31 1 1
github.com/cecil-the-coder/ai-provider-kit/pkg/providers/common/initializer.go:60.31,62.3 1 1
github.com/cecil-the-coder/ai-provider-kit/pkg/providers/common/initializer.go:64.2,76.30 2 1
github.com/cecil-the-coder/ai-provider-kit/pkg/providers/common/initializer.go:76.30,78.3 1 1
github.com/cecil-the-coder/ai-provider-kit/pkg/providers/common/initializer.go:80.2,80.20 1 1
github.com/cecil-the-coder/ai-provider-kit/pkg/providers/common/initializer.go:88.33,90.64 1 0
github.com/cecil-the-coder/ai-provider-kit/pkg/providers/common/initializer.go:90.64,92.3 1 0
github.com/cecil-the-coder/ai-provider-kit/pkg/providers/common/initializer.go:95.2,108.33 3 0
github.com/cecil-the-coder/ai-provider-kit/pkg/providers/common/initializer.go:108.33,109.72 1 0
github.com/cecil-the-coder/ai-provider-kit/pkg/providers/common/initializer.go:109.72,112.4 2 0
github.com/cecil-the-coder/ai-provider-kit/pkg/providers/common/initializer.go:116.2,116.32 1 0
github.com/cecil-the-coder/ai-provider-kit/pkg/providers/common/initializer.go:116.32,118.17 2 0
github.com/cecil-the-coder/ai-provider-kit/pkg/providers/common/initializer.go:118.17,121.4 1 0
github.com/cecil-the-coder/ai-provider-kit/pkg/providers/common/initializer.go:121.9,123.4 1 0
github.com/cecil-the-coder/ai-provider-kit/pkg/providers/common/initializer.go:126.2,127.25 2 0
github.com/cecil-the-coder/ai-provider-kit/pkg/providers/common/initializer.go:152.115,153.22 1 0
github.com/cecil-the-coder/ai-provider-kit/pkg/providers/common/initializer.go:154.90,155.26 1 0
github.com/cecil-the-coder/ai-provider-kit/pkg/providers/common/initializer.go:155.26,157.4 1 0
github.com/cecil-the-coder/ai-provider-kit/pkg/providers/common/initializer.go:158.35,159.26 1 0
github.com/cecil-the-coder/ai-provider-kit/pkg/providers/common/initializer.go:159.26,161.4 1 0
github.com/cecil-the-coder/ai-provider-kit/pkg/providers/common/initializer.go:162.32,163.26 1 0
github.com/cecil-the-coder/ai-provider-kit/pkg/providers/common/initializer.go:163.26,165.4 1 0
github.com/cecil-the-coder/ai-provider-kit/pkg/providers/common/initializer.go:169.2,169.31 1 0
github.com/cecil-the-coder/ai-provider-kit/pkg/providers/common/initializer.go:169.31,170.77 1 0
github.com/cecil-the-coder/ai-provider-kit/pkg/providers/common/initializer.go:170.77,172.4 1 0
github.com/cecil-the-coder/ai-provider-kit/pkg/providers/common/initializer.go:175.2,175.12 1 0
github.com/cecil-the-coder/ai-provider-kit/pkg/providers/common/initializer.go:179.128,190.2 4 0
github.com/cecil-the-coder/ai-provider-kit/pkg/providers/common/initializer.go:193.131,196.22 2 0
github.com/cecil-the-coder/ai-provider-kit/pkg/providers/common/initializer.go:197.62,198.59 1 0
github.com/cecil-the-coder/ai-provider-kit/pkg/providers/common/initializer.go:199.35,201.50 2 0
github.com/cecil-the-coder/ai-provider-kit/pkg/providers/common/initializer.go:202.34,203.59 1 0
github.com/cecil-the-coder/ai-provider-kit/pkg/providers/common/initializer.go:204.32,205.48 1 0
github.com/cecil-the-coder/ai-provider-kit/pkg/providers/common/initializer.go:208.2,208.20 1 0
github.com/cecil-the-coder/ai-provider-kit/pkg/providers/common/initializer.go:212.116,213.33 1 0
github.com/cecil-the-coder/ai-provider-kit/pkg/providers/common/initializer.go:213.33,215.3 1 0
github.com/cecil-the-coder/ai-provider-kit/pkg/providers/common/initializer.go:218.2,221.63 3 0
github.com/cecil-the-coder/ai-provider-kit/pkg/providers/common/initializer.go:225.120,227.27 1 0
github.com/cecil-the-coder/ai-provider-kit/pkg/providers/common/initializer.go:227.27,229.26 2 0
github.com/cecil-the-coder/ai-provider-kit/pkg/providers/common/initializer.go:229.26,231.4 1 0
github.com/cecil-the-coder/ai-provider-kit/pkg/providers/common/initializer.go:235.2,236.16 2 0
github.com/cecil-the-coder/ai-provider-kit/pkg/providers/common/initializer.go:236.16,238.3 1 0
github.com/cecil-the-coder/ai-provider-kit/pkg/providers/common/initializer.go:241.2,241.27 1 0
github.com/cecil-the-coder/ai-provider-kit/pkg/providers/common/initializer.go:241.27,243.3 1 0
github.com/cecil-the-coder/ai-provider-kit/pkg/providers/common/initializer.go:245.2,245.20 1 0
github.com/cecil-the-coder/ai-provider-kit/pkg/providers/common/initializer.go:249.131,250.23 1 0
github.com/cecil-the-coder/ai-provider-kit/pkg/providers/common/initializer.go:251.32,252.46 1 0
github.com/cecil-the-coder/ai-provider-kit/pkg/providers/common/initializer.go:253.35,254.44 1 0
github.com/cecil-the-coder/ai-provider-kit/pkg/providers/common/initializer.go:255.36,256.50 1 0
github.com/cecil-the-coder/ai-provider-kit/pkg/providers/common/initializer.go:257.34,258.43 1 0
github.com/cecil-the-coder/ai-provider-kit/pkg/providers/common/initializer.go:259.32,260.41 1 0
github.com/cecil-the-coder/ai-provider-kit/pkg/providers/common/initializer.go:261.10,262.30 1 0
github.com/cecil-the-coder/ai-provider-kit/pkg/providers/common/initializer.go:267.126,269.19 2 0
github.com/cecil-the-coder/ai-provider-kit/pkg/providers/common/initializer.go:269.19,271.3 1 0
github.com/cecil-the-coder/ai-provider-kit/pkg/providers/common/initializer.go:273.2,279.16 3 0
github.com/cecil-the-coder/ai-provider-kit/pkg/providers/common/initializer.go:279.16,281.3 1 0
github.com/cecil-the-coder/ai-provider-kit/pkg/providers/common/initializer.go:283.2,293.16 3 0
github.com/cecil-the-coder/ai-provider-kit/pkg/providers/common/initializer.go:293.16,295.3 1 0
github.com/cecil-the-coder/ai-provider-kit/pkg/providers/common/initializer.go:296.2,296.15 1 0
github.com/cecil-the-coder/ai-provider-kit/pkg/providers/common/initializer.go:296.15,298.43 1 0
github.com/cecil-the-coder/ai-provider-kit/pkg/providers/common/initializer.go:298.44,300.4 0 0
github.com/cecil-the-coder/ai-provider-kit/pkg/providers/common/initializer.go:303.2,304.16 2 0
github.com/cecil-the-coder/ai-provider-kit/pkg/providers/common/initializer.go:304.16,306.3 1 0
github.com/cecil-the-coder/ai-provider-kit/pkg/providers/common/initializer.go:308.2,308.56 1 0
github.com/cecil-the-coder/ai-provider-kit/pkg/providers/common/initializer.go:308.56,310.3 1 0
github.com/cecil-the-coder/ai-provider-kit/pkg/providers/common/initializer.go:312.2,313.38 2 0
github.com/cecil-the-coder/ai-provider-kit/pkg/providers/common/initializer.go:313.38,323.3 1 0
github.com/cecil-the-coder/ai-provider-kit/pkg/providers/common/initializer.go:325.2,325.20 1 0
github.com/cecil-the-coder/ai-provider-kit/pkg/providers/common/initializer.go:329.130,331.19 2 0
github.com/cecil-the-coder/ai-provider-kit/pkg/providers/common/initializer.go:331.19,333.3 1 0
github.com/cecil-the-coder/ai-provider-kit/pkg/providers/common/initializer.go:335.2,341.16 3 0
github.com/cecil-the-coder/ai-provider-kit/pkg/providers/common/initializer.go:341.16,343.3 1 0
github.com/cecil-the-coder/ai-provider-kit/pkg/providers/common/initializer.go:345.2,359.16 3 0
github.com/cecil-the-coder/ai-provider-kit/pkg/providers/common/initializer.go:359.16,361.3 1 0
github.com/cecil-the-coder/ai-provider-kit/pkg/providers/common/initializer.go:362.2,362.15 1 0
github.com/cecil-the-coder/ai-provider-kit/pkg/providers/common/initializer.go:362.15,364.43 1 0
github.com/cecil-the-coder/ai-provider-kit/pkg/providers/common/initializer.go:364.44,366.4 0 0
github.com/cecil-the-coder/ai-provider-kit/pkg/providers/common/initializer.go:369.2,370.16 2 0
github.com/cecil-the-coder/ai-provider-kit/pkg/providers/common/initializer.go:370.16,372.3 1 0
github.com/cecil-the-coder/ai-provider-kit/pkg/providers/common/initializer.go:374.2,374.56 1 0
github.com/cecil-the-coder/ai-provider-kit/pkg/providers/common/initializer.go:374.56,376.3 1 0
github.com/cecil-the-coder/ai-provider-kit/pkg/providers/common/initializer.go:378.2,379.38 2 0
github.com/cecil-the-coder/ai-provider-kit/pkg/providers/common/initializer.go:379.38,381.21 2 0
github.com/cecil-the-coder/ai-provider-kit/pkg/providers/common/initializer.go:381.21,383.4 1 0
github.com/cecil-the-coder/ai-provider-kit/pkg/providers/common/initializer.go:384.3,384.21 1 0
github.com/cecil-the-coder/ai-provider-kit/pkg/providers/common/initializer.go:384.21,386.4 1 0
github.com/cecil-the-coder/ai-provider-kit/pkg/providers/common/initializer.go:388.3,397.5 1 0
github.com/cecil-the-coder/ai-provider-kit/pkg/providers/common/initializer.go:400.2,400.20 1 0
github.com/cecil-the-coder/ai-provider-kit/pkg/providers/common/initializer.go:405.73,435.2 1 1
github.com/cecil-the-coder/ai-provider-kit/pkg/providers/common/initializer.go:437.72,458.2 1 1
github.com/cecil-the-coder/ai-provider-kit/pkg/providers/common/initializer.go:460.70,529.2 1 1
github.com/cecil-the-coder/ai-provider-kit/pkg/providers/common/initializer.go:533.75,542.51 2 1
github.com/cecil-the-coder/ai-provider-kit/pkg/providers/common/initializer.go:542.51,544.3 1 1
github.com/cecil-the-coder/ai-provider-kit/pkg/providers/common/initializer.go:545.2,545.16 1 1
github.com/cecil-the-coder/ai-provider-kit/pkg/providers/common/initializer.go:548.70,557.51 2 1
github.com/cecil-the-coder/ai-provider-kit/pkg/providers/common/initializer.go:557.51,559.3 1 1
github.com/cecil-the-coder/ai-provider-kit/pkg/providers/common/initializer.go:560.2,560.13 1 1
github.com/cecil-the-coder/ai-provider-kit/pkg/providers/common/initializer.go:563.76,566.2 1 1
github.com/cecil-the-coder/ai-provider-kit/pkg/providers/common/initializer.go:568.72,571.2 1 1
github.com/cecil-the-coder/ai-provider-kit/pkg/providers/common/initializer.go:573.101,575.19 1 1
github.com/cecil-the-coder/ai-provider-kit/pkg/providers/common/initializer.go:575.19,577.3 1 1
github.com/cecil-the-coder/ai-provider-kit/pkg/providers/common/initializer.go:580.2,580.22 1 1
github.com/cecil-the-coder/ai-provider-kit/pkg/providers/common/initializer.go:581.32,583.37 2 1
github.com/cecil-the-coder/ai-provider-kit/pkg/providers/common/initializer.go:583.37,584.41 1 1
github.com/cecil-the-coder/ai-provider-kit/pkg/providers/common/initializer.go:584.41,586.5 1 1
github.com/cecil-the-coder/ai-provider-kit/pkg/providers/common/initializer.go:588.35,589.44 1 1
github.com/cecil-the-coder/ai-provider-kit/pkg/providers/common/initializer.go:589.44,591.4 1 1
github.com/cecil-the-coder/ai-provider-kit/pkg/providers/common/initializer.go:592.34,593.42 1 1
github.com/cecil-the-coder/ai-provider-kit/pkg/providers/common/initializer.go:593.42,595.4 1 1
github.com/cecil-the-coder/ai-provider-kit/pkg/providers/common/initializer.go:596.32,597.44 1 1
github.com/cecil-the-coder/ai-provider-kit/pkg/providers/common/initializer.go:597.44,599.4 1 1
github.com/cecil-the-coder/ai-provider-kit/pkg/providers/common/initializer.go:603.2,603.12 1 1
github.com/cecil-the-coder/ai-provider-kit/pkg/providers/common/language.go:11.45,12.20 1 1
github.com/cecil-the-coder/ai-provider-kit/pkg/providers/common/language.go:12.20,14.3 1 1
github.com/cecil-the-coder/ai-provider-kit/pkg/providers/common/language.go:17.2,17.60 1 1
github.com/cecil-the-coder/ai-provider-kit/pkg/providers/common/language.go:17.60,19.3 1 1
github.com/cecil-the-coder/ai-provider-kit/pkg/providers/common/language.go:22.2,22.36 1 1
github.com/cecil-the-coder/ai-provider-kit/pkg/providers/common/language.go:26.47,35.52 3 1
github.com/cecil-the-coder/ai-provider-kit/pkg/providers/common/language.go:35.52,37.3 1 1
github.com/cecil-the-coder/ai-provider-kit/pkg/providers/common/language.go:38.2,38.11 1 1
github.com/cecil-the-coder/ai-provider-kit/pkg/providers/common/language.go:42.48,56.49 3 1
github.com/cecil-the-coder/ai-provider-kit/pkg/providers/common/language.go:56.49,57.40 1 1
github.com/cecil-the-coder/ai-provider-kit/pkg/providers/common/language.go:57.40,58.24 1 1
github.com/cecil-the-coder/ai-provider-kit/pkg/providers/common/language.go:58.24,60.5 1 1
github.com/cecil-the-coder/ai-provider-kit/pkg/providers/common/language.go:65.2,85.55 2 1
github.com/cecil-the-coder/ai-provider-kit/pkg/providers/common/language.go:85.55,87.3 1 1
github.com/cecil-the-coder/ai-provider-kit/pkg/providers/common/language.go:89.2,89.15 1 1
github.com/cecil-the-coder/ai-provider-kit/pkg/providers/common/metrics.go:72.44,86.2 2 1
github.com/cecil-the-coder/ai-provider-kit/pkg/providers/common/metrics.go:89.75,96.2 4 1
github.com/cecil-the-coder/ai-provider-kit/pkg/providers/common/metrics.go:99.133,107.6 5 1
github.com/cecil-the-coder/ai-provider-kit/pkg/providers/common/metrics.go:107.6,109.114 2 1
github.com/cecil-the-coder/ai-provider-kit/pkg/providers/common/metrics.go:109.114,110.9 1 1
github.com/cecil-the-coder/ai-provider-kit/pkg/providers/common/metrics.go:114.2,114.6 1 1
github.com/cecil-the-coder/ai-provider-kit/pkg/providers/common/metrics.go:114.6,116.114 2 1
github.com/cecil-the-coder/ai-provider-kit/pkg/providers/common/metrics.go:116.114,117.9 1 1
github.com/cecil-the-coder/ai-provider-kit/pkg/providers/common/metrics.go:121.2,124.19 3 1
github.com/cecil-the-coder/ai-provider-kit/pkg/providers/common/metrics.go:124.19,126.3 1 1
github.com/cecil-the-coder/ai-provider-kit/pkg/providers/common/metrics.go:130.91,138.2 5 1
github.com/cecil-the-coder/ai-provider-kit/pkg/providers/common/metrics.go:141.82,146.2 3 1
github.com/cecil-the-coder/ai-provider-kit/pkg/providers/common/metrics.go:149.93,154.14 4 1
github.com/cecil-the-coder/ai-provider-kit/pkg/providers/common/metrics.go:154.14,156.3 1 1
github.com/cecil-the-coder/ai-provider-kit/pkg/providers/common/metrics.go:160.80,165.2 3 1
github.com/cecil-the-coder/ai-provider-kit/pkg/providers/common/metrics.go:168.58,182.19 11 1
github.com/cecil-the-coder/ai-provider-kit/pkg/providers/common/metrics.go:182.19,184.3 1 1
github.com/cecil-the-coder/ai-provider-kit/pkg/providers/common/metrics.go:187.2,188.21 2 1
github.com/cecil-the-coder/ai-provider-kit/pkg/providers/common/metrics.go:188.21,190.3 1 1
github.com/cecil-the-coder/ai-provider-kit/pkg/providers/common/metrics.go:193.2,194.36 2 1
github.com/cecil-the-coder/ai-provider-kit/pkg/providers/common/metrics.go:194.36,196.3 1 1
github.com/cecil-the-coder/ai-provider-kit/pkg/providers/common/metrics.go:198.2,199.40 2 1
github.com/cecil-the-coder/ai-provider-kit/pkg/providers/common/metrics.go:199.40,201.3 1 1
github.com/cecil-the-coder/ai-provider-kit/pkg/providers/common/metrics.go:203.2,204.39 2 1
github.com/cecil-the-coder/ai-provider-kit/pkg/providers/common/metrics.go:204.39,206.3 1 1
github.com/cecil-the-coder/ai-provider-kit/pkg/providers/common/metrics.go:208.2,209.36 2 1
github.com/cecil-the-coder/ai-provider-kit/pkg/providers/common/metrics.go:209.36,211.3 1 1
github.com/cecil-the-coder/ai-provider-kit/pkg/providers/common/metrics.go:213.2,214.40 2 1
github.com/cecil-the-coder/ai-provider-kit/pkg/providers/common/metrics.go:214.40,216.3 1 0
github.com/cecil-the-coder/ai-provider-kit/pkg/providers/common/metrics.go:218.2,219.34 2 1
github.com/cecil-the-coder/ai-provider-kit/pkg/providers/common/metrics.go:219.34,221.3 1 1
github.com/cecil-the-coder/ai-provider-kit/pkg/providers/common/metrics.go:223.2,224.37 2 1
github.com/cecil-the-coder/ai-provider-kit/pkg/providers/common/metrics.go:224.37,226.3 1 1
github.com/cecil-the-coder/ai-provider-kit/pkg/providers/common/metrics.go:228.2,229.39 2 1
github.com/cecil-the-coder/ai-provider-kit/pkg/providers/common/metrics.go:229.39,231.3 1 1
github.com/cecil-the-coder/ai-provider-kit/pkg/providers/common/metrics.go:233.2,237.37 3 1
github.com/cecil-the-coder/ai-provider-kit/pkg/providers/common/metrics.go:237.37,239.3 1 1
github.com/cecil-the-coder/ai-provider-kit/pkg/providers/common/metrics.go:241.2,259.3 1 1
github.com/cecil-the-coder/ai-provider-kit/pkg/providers/common/metrics.go:263.107,276.2 3 1
github.com/cecil-the-coder/ai-provider-kit/pkg/providers/common/metrics.go:290.36,311.2 18 1
github.com/cecil-the-coder/ai-provider-kit/pkg/providers/common/metrics.go:314.65,319.44 4 1
github.com/cecil-the-coder/ai-provider-kit/pkg/providers/common/metrics.go:319.44,324.3 1 1
github.com/cecil-the-coder/ai-provider-kit/pkg/providers/common/metrics.go:327.2,327.36 1 1
github.com/cecil-the-coder/ai-provider-kit/pkg/providers/common/metrics.go:327.36,328.39 1 1
github.com/cecil-the-coder/ai-provider-kit/pkg/providers/common/metrics.go:328.39,329.39 1 1
github.com/cecil-the-coder/ai-provider-kit/pkg/providers/common/metrics.go:329.39,331.5 1 1
github.com/cecil-the-coder/ai-provider-kit/pkg/providers/common/metrics.go:335.2,335.37 1 1
github.com/cecil-the-coder/ai-provider-kit/pkg/providers/common/metrics.go:335.37,337.3 1 1
github.com/cecil-the-coder/ai-provider-kit/pkg/providers/common/metrics.go:339.2,339.14 1 1
github.com/cecil-the-coder/ai-provider-kit/pkg/providers/common/metrics.go:349.59,354.40 4 1
github.com/cecil-the-coder/ai-provider-kit/pkg/providers/common/metrics.go:354.40,356.3 1 1
github.com/cecil-the-coder/ai-provider-kit/pkg/providers/common/metrics.go:358.2,359.48 2 1
github.com/cecil-the-coder/ai-provider-kit/pkg/providers/common/metrics.go:359.48,361.22 2 1
github.com/cecil-the-coder/ai-provider-kit/pkg/providers/common/metrics.go:361.22,363.4 1 1
github.com/cecil-the-coder/ai-provider-kit/pkg/providers/common/metrics.go:365.3,369.5 1 1
github.com/cecil-the-coder/ai-provider-kit/pkg/providers/common/metrics.go:372.2,375.3 1 1
github.com/cecil-the-coder/ai-provider-kit/pkg/providers/common/modelcache.go:19.51,26.2 1 1
github.com/cecil-the-coder/ai-provider-kit/pkg/providers/common/modelcache.go:29.38,33.2 3 1
github.com/cecil-the-coder/ai-provider-kit/pkg/providers/common/modelcache.go:36.43,40.2 3 1
github.com/cecil-the-coder/ai-provider-kit/pkg/providers/common/modelcache.go:43.52,48.2 4 1
github.com/cecil-the-coder/ai-provider-kit/pkg/providers/common/modelcache.go:52.132,54.19 1 1
github.com/cecil-the-coder/ai-provider-kit/pkg/providers/common/modelcache.go:54.19,56.22 2 1
github.com/cecil-the-coder/ai-provider-kit/pkg/providers/common/modelcache.go:56.22,58.4 1 1
github.com/cecil-the-coder/ai-provider-kit/pkg/providers/common/modelcache.go:62.2,63.16 2 1
github.com/cecil-the-coder/ai-provider-kit/pkg/providers/common/modelcache.go:63.16,66.21 2 1
github.com/cecil-the-coder/ai-provider-kit/pkg/providers/common/modelcache.go:66.21,68.4 1 1
github.com/cecil-the-coder/ai-provider-kit/pkg/providers/common/modelcache.go:69.3,69.26 1 1
github.com/cecil-the-coder/ai-provider-kit/pkg/providers/common/modelcache.go:69.26,71.4 1 0
github.com/cecil-the-coder/ai-provider-kit/pkg/providers/common/modelcache.go:72.3,72.18 1 1
github.com/cecil-the-coder/ai-provider-kit/pkg/providers/common/modelcache.go:76.2,77.20 2 1
github.com/cecil-the-coder/ai-provider-kit/pkg/providers/common/modelcache.go:81.31,86.2 4 1
github.com/cecil-the-coder/ai-provider-kit/pkg/providers/common/modelcache.go:89.48,93.2 3 1
github.com/cecil-the-coder/ai-provider-kit/pkg/providers/common/modelcache.go:96.46,100.2 3 1
github.com/cecil-the-coder/ai-provider-kit/pkg/providers/common/modelcache.go:103.49,107.2 3 1
github.com/cecil-the-coder/ai-provider-kit/pkg/providers/common/models.go:20.57,27.2 1 1
github.com/cecil-the-coder/ai-provider-kit/pkg/providers/common/models.go:30.85,35.2 3 1
github.com/cecil-the-coder/ai-provider-kit/pkg/providers/common/models.go:38.78,43.13 4 1
github.com/cecil-the-coder/ai-provider-kit/pkg/providers/common/models.go:43.13,45.3 1 1
github.com/cecil-the-coder/ai-provider-kit/pkg/providers/common/models.go:48.2,49.14 2 1
github.com/cecil-the-coder/ai-provider-kit/pkg/providers/common/models.go:53.93,61.31 5 1
github.com/cecil-the-coder/ai-provider-kit/pkg/providers/common/models.go:61.31,64.3 2 1
github.com/cecil-the-coder/ai-provider-kit/pkg/providers/common/models.go:68.89,73.48 4 1
github.com/cecil-the-coder/ai-provider-kit/pkg/providers/common/models.go:73.48,75.3 1 1
github.com/cecil-the-coder/ai-provider-kit/pkg/providers/common/models.go:77.2,78.13 2 1
github.com/cecil-the-coder/ai-provider-kit/pkg/providers/common/models.go:78.13,80.3 1 0
github.com/cecil-the-coder/ai-provider-kit/pkg/providers/common/models.go:83.2,84.31 2 1
github.com/cecil-the-coder/ai-provider-kit/pkg/providers/common/models.go:84.31,86.3 1 1
github.com/cecil-the-coder/ai-provider-kit/pkg/providers/common/models.go:88.2,88.13 1 1
github.com/cecil-the-coder/ai-provider-kit/pkg/providers/common/models.go:92.83,103.2 1 1
github.com/cecil-the-coder/ai-provider-kit/pkg/providers/common/models.go:106.96,110.18 2 1
github.com/cecil-the-coder/ai-provider-kit/pkg/providers/common/models.go:111.32,113.40 2 1
github.com/cecil-the-coder/ai-provider-kit/pkg/providers/common/models.go:113.40,115.4 1 1
github.com/cecil-the-coder/ai-provider-kit/pkg/providers/common/models.go:116.35,117.50 1 1
github.com/cecil-the-coder/ai-provider-kit/pkg/providers/common/models.go:118.32,119.64 1 0
github.com/cecil-the-coder/ai-provider-kit/pkg/providers/common/models.go:120.34,121.50 1 0
github.com/cecil-the-coder/ai-provider-kit/pkg/providers/common/models.go:125.2,125.64 1 1
github.com/cecil-the-coder/ai-provider-kit/pkg/providers/common/models.go:125.64,127.3 1 1
github.com/cecil-the-coder/ai-provider-kit/pkg/providers/common/models.go:128.2,128.32 1 1
github.com/cecil-the-coder/ai-provider-kit/pkg/providers/common/models.go:128.32,130.3 1 1
github.com/cecil-the-coder/ai-provider-kit/pkg/providers/common/models.go:132.2,132.27 1 1
github.com/cecil-the-coder/ai-provider-kit/pkg/providers/common/models.go:136.78,142.42 4 1
github.com/cecil-the-coder/ai-provider-kit/pkg/providers/common/models.go:142.42,143.32 1 1
github.com/cecil-the-coder/ai-provider-kit/pkg/providers/common/models.go:143.32,144.43 1 1
github.com/cecil-the-coder/ai-provider-kit/pkg/providers/common/models.go:144.43,146.5 1 1
github.com/cecil-the-coder/ai-provider-kit/pkg/providers/common/models.go:150.2,150.16 1 1
github.com/cecil-the-coder/ai-provider-kit/pkg/providers/common/models.go:165.91,166.50 1 1
github.com/cecil-the-coder/ai-provider-kit/pkg/providers/common/models.go:166.50,168.3 1 1
github.com/cecil-the-coder/ai-provider-kit/pkg/providers/common/models.go:170.2,170.47 1 1
github.com/cecil-the-coder/ai-provider-kit/pkg/providers/common/models.go:170.47,172.3 1 1
github.com/cecil-the-coder/ai-provider-kit/pkg/providers/common/models.go:174.2,174.52 1 1
github.com/cecil-the-coder/ai-provider-kit/pkg/providers/common/models.go:174.52,176.3 1 1
github.com/cecil-the-coder/ai-provider-kit/pkg/providers/common/models.go:178.2,178.46 1 1
github.com/cecil-the-coder/ai-provider-kit/pkg/providers/common/models.go:178.46,180.3 1 1
github.com/cecil-the-coder/ai-provider-kit/pkg/providers/common/models.go:182.2,182.52 1 1
github.com/cecil-the-coder/ai-provider-kit/pkg/providers/common/models.go:182.52,184.3 1 0
github.com/cecil-the-coder/ai-provider-kit/pkg/providers/common/models.go:186.2,186.13 1 1
github.com/cecil-the-coder/ai-provider-kit/pkg/providers/common/models.go:190.93,195.13 4 1
github.com/cecil-the-coder/ai-provider-kit/pkg/providers/common/models.go:195.13,197.3 1 1
github.com/cecil-the-coder/ai-provider-kit/pkg/providers/common/models.go:200.2,201.31 2 1
github.com/cecil-the-coder/ai-provider-kit/pkg/providers/common/models.go:201.31,203.3 1 1
github.com/cecil-the-coder/ai-provider-kit/pkg/providers/common/models.go:205.2,205.13 1 1
github.com/cecil-the-coder/ai-provider-kit/pkg/providers/common/models.go:209.49,214.2 3 1
github.com/cecil-the-coder/ai-provider-kit/pkg/providers/common/models.go:217.51,222.42 4 1
github.com/cecil-the-coder/ai-provider-kit/pkg/providers/common/models.go:222.42,224.3 1 1
github.com/cecil-the-coder/ai-provider-kit/pkg/providers/common/models.go:226.2,226.14 1 1
github.com/cecil-the-coder/ai-provider-kit/pkg/providers/common/models.go:230.71,234.25 3 1
github.com/cecil-the-coder/ai-provider-kit/pkg/providers/common/models.go:234.25,237.3 2 1
github.com/cecil-the-coder/ai-provider-kit/pkg/providers/common/models.go:237.8,241.3 2 1
github.com/cecil-the-coder/ai-provider-kit/pkg/providers/common/models.go:245.51,257.53 4 0
github.com/cecil-the-coder/ai-provider-kit/pkg/providers/common/models.go:257.53,261.70 3 0
github.com/cecil-the-coder/ai-provider-kit/pkg/providers/common/models.go:261.70,263.71 2 0
github.com/cecil-the-coder/ai-provider-kit/pkg/providers/common/models.go:263.71,265.5 1 0
github.com/cecil-the-coder/ai-provider-kit/pkg/providers/common/models.go:266.4,266.70 1 0
github.com/cecil-the-coder/ai-provider-kit/pkg/providers/common/models.go:266.70,268.5 1 0
github.com/cecil-the-coder/ai-provider-kit/pkg/providers/common/models.go:272.2,272.13 1 0
github.com/cecil-the-coder/ai-provider-kit/pkg/providers/common/models.go:287.38,293.2 1 1
github.com/cecil-the-coder/ai-provider-kit/pkg/providers/common/models.go:295.43,296.43 1 1
github.com/cecil-the-coder/ai-provider-kit/pkg/providers/common/models.go:296.43,297.35 1 1
github.com/cecil-the-coder/ai-provider-kit/pkg/providers/common/models.go:297.35,299.4 1 1
github.com/cecil-the-coder/ai-provider-kit/pkg/providers/common/models.go:301.2,301.14 1 1
github.com/cecil-the-coder/ai-provider-kit/pkg/providers/common/models.go:304.38,307.29 3 1
github.com/cecil-the-coder/ai-provider-kit/pkg/providers/common/models.go:307.29,308.18 1 1
github.com/cecil-the-coder/ai-provider-kit/pkg/providers/common/models.go:308.18,311.4 2 1
github.com/cecil-the-coder/ai-provider-kit/pkg/providers/common/models.go:313.2,313.15 1 1
github.com/cecil-the-coder/ai-provider-kit/pkg/providers/common/models.go:317.99,319.2 1 1
github.com/cecil-the-coder/ai-provider-kit/pkg/providers/common/models.go:322.96,323.72 1 1
github.com/cecil-the-coder/ai-provider-kit/pkg/providers/common/models.go:323.72,325.3 1 1
github.com/cecil-the-coder/ai-provider-kit/pkg/providers/common/models.go:326.2,326.72 1 1
github.com/cecil-the-coder/ai-provider-kit/pkg/providers/common/models.go:326.72,328.3 1 1
github.com/cecil-the-coder/ai-provider-kit/pkg/providers/common/models.go:329.2,329.13 1 1
github.com/cecil-the-coder/ai-provider-kit/pkg/providers/common/models.go:333.101,334.97 1 1
github.com/cecil-the-coder/ai-provider-kit/pkg/providers/common/models.go:334.97,336.3 1 1
github.com/cecil-the-coder/ai-provider-kit/pkg/providers/common/models.go:337.2,337.91 1 1
github.com/cecil-the-coder/ai-provider-kit/pkg/providers/common/models.go:337.91,339.3 1 1
github.com/cecil-the-coder/ai-provider-kit/pkg/providers/common/models.go:340.2,340.13 1 1
github.com/cecil-the-coder/ai-provider-kit/pkg/providers/common/models.go:344.95,345.33 1 1
github.com/cecil-the-coder/ai-provider-kit/pkg/providers/common/models.go:345.33,347.3 1 1
github.com/cecil-the-coder/ai-provider-kit/pkg/providers/common/models.go:348.2,348.97 1 1
github.com/cecil-the-coder/ai-provider-kit/pkg/providers/common/models.go:352.101,353.35 1 1
github.com/cecil-the-coder/ai-provider-kit/pkg/providers/common/models.go:353.35,355.3 1 1
github.com/cecil-the-coder/ai-provider-kit/pkg/providers/common/models.go:357.2,358.23 2 0
github.com/cecil-the-coder/ai-provider-kit/pkg/providers/common/models.go:358.23,360.3 1 0
github.com/cecil-the-coder/ai-provider-kit/pkg/providers/common/models.go:362.2,362.70 1 0
github.com/cecil-the-coder/ai-provider-kit/pkg/providers/common/models.go:366.92,367.46 1 1
github.com/cecil-the-coder/ai-provider-kit/pkg/providers/common/models.go:367.46,368.44 1 1
github.com/cecil-the-coder/ai-provider-kit/pkg/providers/common/models.go:368.44,369.28 1 1
github.com/cecil-the-coder/ai-provider-kit/pkg/providers/common/models.go:369.28,371.5 1 1
github.com/cecil-the-coder/ai-provider-kit/pkg/providers/common/models.go:374.2,374.14 1 1
github.com/cecil-the-coder/ai-provider-kit/pkg/providers/common/oauth_refresh.go:28.90,33.2 1 1
github.com/cecil-the-coder/ai-provider-kit/pkg/providers/common/oauth_refresh.go:36.140,45.16 3 0
github.com/cecil-the-coder/ai-provider-kit/pkg/providers/common/oauth_refresh.go:45.16,47.3 1 0
github.com/cecil-the-coder/ai-provider-kit/pkg/providers/common/oauth_refresh.go:49.2,50.16 2 0
github.com/cecil-the-coder/ai-provider-kit/pkg/providers/common/oauth_refresh.go:50.16,52.3 1 0
github.com/cecil-the-coder/ai-provider-kit/pkg/providers/common/oauth_refresh.go:54.2,57.16 3 0
github.com/cecil-the-coder/ai-provider-kit/pkg/providers/common/oauth_refresh.go:57.16,59.3 1 0
github.com/cecil-the-coder/ai-provider-kit/pkg/providers/common/oauth_refresh.go:60.2,60.15 1 0
github.com/cecil-the-coder/ai-provider-kit/pkg/providers/common/oauth_refresh.go:60.15,62.43 1 0
github.com/cecil-the-coder/ai-provider-kit/pkg/providers/common/oauth_refresh.go:62.44,64.4 0 0
github.com/cecil-the-coder/ai-provider-kit/pkg/providers/common/oauth_refresh.go:67.2,67.38 1 0
github.com/cecil-the-coder/ai-provider-kit/pkg/providers/common/oauth_refresh.go:67.38,70.3 2 0
github.com/cecil-the-coder/ai-provider-kit/pkg/providers/common/oauth_refresh.go:72.2,79.74 2 0
github.com/cecil-the-coder/ai-provider-kit/pkg/providers/common/oauth_refresh.go:79.74,81.3 1 0
github.com/cecil-the-coder/ai-provider-kit/pkg/providers/common/oauth_refresh.go:83.2,83.157 1 0
github.com/cecil-the-coder/ai-provider-kit/pkg/providers/common/oauth_refresh.go:87.137,95.16 6 0
github.com/cecil-the-coder/ai-provider-kit/pkg/providers/common/oauth_refresh.go:95.16,97.3 1 0
github.com/cecil-the-coder/ai-provider-kit/pkg/providers/common/oauth_refresh.go:99.2,102.16 3 0
github.com/cecil-the-coder/ai-provider-kit/pkg/providers/common/oauth_refresh.go:102.16,104.3 1 0
github.com/cecil-the-coder/ai-provider-kit/pkg/providers/common/oauth_refresh.go:105.2,105.15 1 0
github.com/cecil-the-coder/ai-provider-kit/pkg/providers/common/oauth_refresh.go:105.15,107.43 1 0
github.com/cecil-the-coder/ai-provider-kit/pkg/providers/common/oauth_refresh.go:107.44,109.4 0 0
github.com/cecil-the-coder/ai-provider-kit/pkg/providers/common/oauth_refresh.go:112.2,112.38 1 0
github.com/cecil-the-coder/ai-provider-kit/pkg/providers/common/oauth_refresh.go:112.38,115.3 2 0
github.com/cecil-the-coder/ai-provider-kit/pkg/providers/common/oauth_refresh.go:117.2,126.74 2 0
github.com/cecil-the-coder/ai-provider-kit/pkg/providers/common/oauth_refresh.go:126.74,128.3 1 0
github.com/cecil-the-coder/ai-provider-kit/pkg/providers/common/oauth_refresh.go:130.2,130.157 1 0
github.com/cecil-the-coder/ai-provider-kit/pkg/providers/common/oauth_refresh.go:134.137,149.16 5 0
github.com/cecil-the-coder/ai-provider-kit/pkg/providers/common/oauth_refresh.go:149.16,151.3 1 0
github.com/cecil-the-coder/ai-provider-kit/pkg/providers/common/oauth_refresh.go:154.2,155.30 2 0
github.com/cecil-the-coder/ai-provider-kit/pkg/providers/common/oauth_refresh.go:155.30,158.3 1 0
github.com/cecil-the-coder/ai-provider-kit/pkg/providers/common/oauth_refresh.go:158.8,160.3 1 0
github.com/cecil-the-coder/ai-provider-kit/pkg/providers/common/oauth_refresh.go:162.2,162.118 1 0
github.com/cecil-the-coder/ai-provider-kit/pkg/providers/common/oauth_refresh.go:166.135,174.29 3 0
github.com/cecil-the-coder/ai-provider-kit/pkg/providers/common/oauth_refresh.go:174.29,176.3 1 0
github.com/cecil-the-coder/ai-provider-kit/pkg/providers/common/oauth_refresh.go:180.2,184.16 3 0
github.com/cecil-the-coder/ai-provider-kit/pkg/providers/common/oauth_refresh.go:184.16,186.3 1 0
github.com/cecil-the-coder/ai-provider-kit/pkg/providers/common/oauth_refresh.go:189.2,193.16 4 0
github.com/cecil-the-coder/ai-provider-kit/pkg/providers/common/oauth_refresh.go:193.16,195.3 1 0
github.com/cecil-the-coder/ai-provider-kit/pkg/providers/common/oauth_refresh.go:196.2,196.15 1 0
github.com/cecil-the-coder/ai-provider-kit/pkg/providers/common/oauth_refresh.go:196.15,198.43 1 0
github.com/cecil-the-coder/ai-provider-kit/pkg/providers/common/oauth_refresh.go:198.44,200.4 0 0
github.com/cecil-the-coder/ai-provider-kit/pkg/providers/common/oauth_refresh.go:203.2,203.38 1 0
github.com/cecil-the-coder/ai-provider-kit/pkg/providers/common/oauth_refresh.go:203.38,206.3 2 0
github.com/cecil-the-coder/ai-provider-kit/pkg/providers/common/oauth_refresh.go:208.2,215.76 2 0
github.com/cecil-the-coder/ai-provider-kit/pkg/providers/common/oauth_refresh.go:215.76,217.3 1 0
github.com/cecil-the-coder/ai-provider-kit/pkg/providers/common/oauth_refresh.go:219.2,219.39 1 0
github.com/cecil-the-coder/ai-provider-kit/pkg/providers/common/oauth_refresh.go:219.39,221.3 1 0
github.com/cecil-the-coder/ai-provider-kit/pkg/providers/common/oauth_refresh.go:223.2,223.163 1 0
github.com/cecil-the-coder/ai-provider-kit/pkg/providers/common/oauth_refresh.go:227.155,233.25 4 1
github.com/cecil-the-coder/ai-provider-kit/pkg/providers/common/oauth_refresh.go:233.25,235.3 1 1
github.com/cecil-the-coder/ai-provider-kit/pkg/providers/common/oauth_refresh.go:236.2,236.29 1 1
github.com/cecil-the-coder/ai-provider-kit/pkg/providers/common/oauth_refresh.go:236.29,238.3 1 1
github.com/cecil-the-coder/ai-provider-kit/pkg/providers/common/oauth_refresh.go:240.2,241.16 2 1
github.com/cecil-the-coder/ai-provider-kit/pkg/providers/common/oauth_refresh.go:241.16,243.3 1 0
github.com/cecil-the-coder/ai-provider-kit/pkg/providers/common/oauth_refresh.go:245.2,248.16 3 1
github.com/cecil-the-coder/ai-provider-kit/pkg/providers/common/oauth_refresh.go:248.16,250.3 1 0
github.com/cecil-the-coder/ai-provider-kit/pkg/providers/common/oauth_refresh.go:251.2,251.15 1 1
github.com/cecil-the-coder/ai-provider-kit/pkg/providers/common/oauth_refresh.go:251.15,253.43 1 1
github.com/cecil-the-coder/ai-provider-kit/pkg/providers/common/oauth_refresh.go:253.44,255.4 0 0
github.com/cecil-the-coder/ai-provider-kit/pkg/providers/common/oauth_refresh.go:258.2,258.38 1 1
github.com/cecil-the-coder/ai-provider-kit/pkg/providers/common/oauth_refresh.go:258.38,261.3 2 1
github.com/cecil-the-coder/ai-provider-kit/pkg/providers/common/oauth_refresh.go:263.2,270.74 2 1
github.com/cecil-the-coder/ai-provider-kit/pkg/providers/common/oauth_refresh.go:270.74,272.3 1 0
github.com/cecil-the-coder/ai-provider-kit/pkg/providers/common/oauth_refresh.go:274.2,274.157 1 1
github.com/cecil-the-coder/ai-provider-kit/pkg/providers/common/oauth_refresh.go:280.99,281.25 1 1
github.com/cecil-the-coder/ai-provider-kit/pkg/providers/common/oauth_refresh.go:281.25,283.3 1 1
github.com/cecil-the-coder/ai-provider-kit/pkg/providers/common/oauth_refresh.go:284.2,284.18 1 1
github.com/cecil-the-coder/ai-provider-kit/pkg/providers/common/oauth_refresh.go:288.176,291.24 3 1
github.com/cecil-the-coder/ai-provider-kit/pkg/providers/common/oauth_refresh.go:291.24,293.3 1 1
github.com/cecil-the-coder/ai-provider-kit/pkg/providers/common/oauth_refresh.go:294.2,297.17 4 1
github.com/cecil-the-coder/ai-provider-kit/pkg/providers/common/oauth_refresh.go:306.90,310.2 1 1
github.com/cecil-the-coder/ai-provider-kit/pkg/providers/common/oauth_refresh.go:313.84,315.2 1 1
github.com/cecil-the-coder/ai-provider-kit/pkg/providers/common/oauth_refresh.go:318.81,320.2 1 1
github.com/cecil-the-coder/ai-provider-kit/pkg/providers/common/oauth_refresh.go:323.81,325.2 1 1
github.com/cecil-the-coder/ai-provider-kit/pkg/providers/common/oauth_refresh.go:328.79,330.2 1 1
github.com/cecil-the-coder/ai-provider-kit/pkg/providers/common/oauth_refresh.go:333.97,334.102 1 1
github.com/cecil-the-coder/ai-provider-kit/pkg/providers/common/oauth_refresh.go:334.102,336.3 1 0
github.com/cecil-the-coder/ai-provider-kit/pkg/providers/common/ratelimit.go:23.67,28.2 1 1
github.com/cecil-the-coder/ai-provider-kit/pkg/providers/common/ratelimit.go:32.87,33.61 1 1
github.com/cecil-the-coder/ai-provider-kit/pkg/providers/common/ratelimit.go:33.61,40.3 4 1
github.com/cecil-the-coder/ai-provider-kit/pkg/providers/common/ratelimit.go:45.82,49.2 3 1
github.com/cecil-the-coder/ai-provider-kit/pkg/providers/common/ratelimit.go:53.67,57.2 3 1
github.com/cecil-the-coder/ai-provider-kit/pkg/providers/common/ratelimit.go:62.89,63.47 1 1
github.com/cecil-the-coder/ai-provider-kit/pkg/providers/common/ratelimit.go:63.47,65.19 2 0
github.com/cecil-the-coder/ai-provider-kit/pkg/providers/common/ratelimit.go:65.19,69.4 2 0
github.com/cecil-the-coder/ai-provider-kit/pkg/providers/common/ratelimit.go:70.3,70.15 1 0
github.com/cecil-the-coder/ai-provider-kit/pkg/providers/common/ratelimit.go:72.2,72.13 1 1
github.com/cecil-the-coder/ai-provider-kit/pkg/providers/common/ratelimit.go:77.82,81.2 3 1
github.com/cecil-the-coder/ai-provider-kit/pkg/providers/common/ratelimit.go:86.80,90.2 3 1
github.com/cecil-the-coder/ai-provider-kit/pkg/providers/common/ratelimit.go:94.66,98.32 2 1
github.com/cecil-the-coder/ai-provider-kit/pkg/providers/common/ratelimit.go:98.32,101.3 1 1
github.com/cecil-the-coder/ai-provider-kit/pkg/providers/common/ratelimit.go:104.2,104.30 1 1
github.com/cecil-the-coder/ai-provider-kit/pkg/providers/common/ratelimit.go:104.30,107.3 1 1
github.com/cecil-the-coder/ai-provider-kit/pkg/providers/common/ratelimit.go:110.2,110.22 1 1
github.com/cecil-the-coder/ai-provider-kit/pkg/providers/common/ratelimit.go:111.19,112.33 1 1
github.com/cecil-the-coder/ai-provider-kit/pkg/providers/common/ratelimit.go:113.16,114.30 1 1
github.com/cecil-the-coder/ai-provider-kit/pkg/providers/common/ratelimit.go:115.18,116.32 1 1
github.com/cecil-the-coder/ai-provider-kit/pkg/providers/common/ratelimit.go:117.20,118.34 1 1
github.com/cecil-the-coder/ai-provider-kit/pkg/providers/common/ratelimit.go:119.16,120.30 1 1
github.com/cecil-the-coder/ai-provider-kit/pkg/providers/common/ratelimit.go:121.14,122.28 1 1
github.com/cecil-the-coder/ai-provider-kit/pkg/providers/common/ratelimit.go:126.2,126.25 1 1
github.com/cecil-the-coder/ai-provider-kit/pkg/providers/common/ratelimit.go:126.25,128.3 1 0
github.com/cecil-the-coder/ai-provider-kit/pkg/providers/common/ratelimit.go:133.72,135.69 1 1
github.com/cecil-the-coder/ai-provider-kit/pkg/providers/common/ratelimit.go:135.69,139.3 1 1
github.com/cecil-the-coder/ai-provider-kit/pkg/providers/common/ratelimit.go:142.69,144.60 1 1
github.com/cecil-the-coder/ai-provider-kit/pkg/providers/common/ratelimit.go:144.60,148.3 1 1
github.com/cecil-the-coder/ai-provider-kit/pkg/providers/common/ratelimit.go:151.71,153.67 1 1
github.com/cecil-the-coder/ai-provider-kit/pkg/providers/common/ratelimit.go:153.67,156.3 1 1
github.com/cecil-the-coder/ai-provider-kit/pkg/providers/common/ratelimit.go:159.73,161.32 1 1
github.com/cecil-the-coder/ai-provider-kit/pkg/providers/common/ratelimit.go:161.32,164.3 1 1
github.com/cecil-the-coder/ai-provider-kit/pkg/providers/common/ratelimit.go:167.69,169.32 1 1
github.com/cecil-the-coder/ai-provider-kit/pkg/providers/common/ratelimit.go:169.32,172.3 1 1
github.com/cecil-the-coder/ai-provider-kit/pkg/providers/common/ratelimit.go:175.67,177.30 1 1
github.com/cecil-the-coder/ai-provider-kit/pkg/providers/common/ratelimit.go:177.30,179.3 1 1
github.com/cecil-the-coder/ai-provider-kit/pkg/providers/common/ratelimit.go:180.2,180.32 1 1
github.com/cecil-the-coder/ai-provider-kit/pkg/providers/common/ratelimit.go:180.32,183.3 1 1
github.com/cecil-the-coder/ai-provider-kit/pkg/providers/common/ratelimit.go:189.69,190.17 1 1
github.com/cecil-the-coder/ai-provider-kit/pkg/providers/common/ratelimit.go:190.17,192.3 1 1
github.com/cecil-the-coder/ai-provider-kit/pkg/providers/common/ratelimit.go:194.2,198.26 4 1
github.com/cecil-the-coder/ai-provider-kit/pkg/providers/common/ratelimit.go:203.59,207.2 3 1
github.com/cecil-the-coder/ai-provider-kit/pkg/providers/common/ratelimit.go:211.56,213.2 1 1
github.com/cecil-the-coder/ai-provider-kit/pkg/providers/common/streaming.go:25.67,31.2 1 1
github.com/cecil-the-coder/ai-provider-kit/pkg/providers/common/streaming.go:37.102,41.13 3 1
github.com/cecil-the-coder/ai-provider-kit/pkg/providers/common/streaming.go:41.13,43.3 1 0
github.com/cecil-the-coder/ai-provider-kit/pkg/providers/common/streaming.go:45.2,45.6 1 1
github.com/cecil-the-coder/ai-provider-kit/pkg/providers/common/streaming.go:45.6,47.17 2 1
github.com/cecil-the-coder/ai-provider-kit/pkg/providers/common/streaming.go:47.17,48.21 1 1
github.com/cecil-the-coder/ai-provider-kit/pkg/providers/common/streaming.go:48.21,51.5 2 1
github.com/cecil-the-coder/ai-provider-kit/pkg/providers/common/streaming.go:52.4,52.43 1 0
github.com/cecil-the-coder/ai-provider-kit/pkg/providers/common/streaming.go:55.3,56.17 2 1
github.com/cecil-the-coder/ai-provider-kit/pkg/providers/common/streaming.go:56.17,57.12 1 1
github.com/cecil-the-coder/ai-provider-kit/pkg/providers/common/streaming.go:61.3,61.41 1 1
github.com/cecil-the-coder/ai-provider-kit/pkg/providers/common/streaming.go:61.41,62.12 1 1
github.com/cecil-the-coder/ai-provider-kit/pkg/providers/common/streaming.go:65.3,68.23 2 1
github.com/cecil-the-coder/ai-provider-kit/pkg/providers/common/streaming.go:68.23,71.4 2 1
github.com/cecil-the-coder/ai-provider-kit/pkg/providers/common/streaming.go:74.3,75.17 2 1
github.com/cecil-the-coder/ai-provider-kit/pkg/providers/common/streaming.go:75.17,76.12 1 0
github.com/cecil-the-coder/ai-provider-kit/pkg/providers/common/streaming.go:79.3,79.13 1 1
github.com/cecil-the-coder/ai-provider-kit/pkg/providers/common/streaming.go:79.13,82.4 2 1
github.com/cecil-the-coder/ai-provider-kit/pkg/providers/common/streaming.go:84.3,84.20 1 1
github.com/cecil-the-coder/ai-provider-kit/pkg/providers/common/streaming.go:89.42,93.24 4 1
github.com/cecil-the-coder/ai-provider-kit/pkg/providers/common/streaming.go:93.24,95.3 1 1
github.com/cecil-the-coder/ai-provider-kit/pkg/providers/common/streaming.go:96.2,96.12 1 0
github.com/cecil-the-coder/ai-provider-kit/pkg/providers/common/streaming.go:100.42,104.2 3 1
github.com/cecil-the-coder/ai-provider-kit/pkg/providers/common/streaming.go:107.39,111.2 3 1
github.com/cecil-the-coder/ai-provider-kit/pkg/providers/common/streaming.go:114.140,117.2 2 1
github.com/cecil-the-coder/ai-provider-kit/pkg/providers/common/streaming.go:120.158,121.61 1 1
github.com/cecil-the-coder/ai-provider-kit/pkg/providers/common/streaming.go:121.61,123.3 1 0
github.com/cecil-the-coder/ai-provider-kit/pkg/providers/common/streaming.go:125.2,126.31 2 1
github.com/cecil-the-coder/ai-provider-kit/pkg/providers/common/streaming.go:141.81,146.2 1 1
github.com/cecil-the-coder/ai-provider-kit/pkg/providers/common/streaming.go:149.65,150.91 1 1
github.com/cecil-the-coder/ai-provider-kit/pkg/providers/common/streaming.go:150.91,152.17 2 1
github.com/cecil-the-coder/ai-provider-kit/pkg/providers/common/streaming.go:152.17,154.4 1 0
github.com/cecil-the-coder/ai-provider-kit/pkg/providers/common/streaming.go:155.3,155.28 1 1
github.com/cecil-the-coder/ai-provider-kit/pkg/providers/common/streaming.go:160.37,162.2 1 1
github.com/cecil-the-coder/ai-provider-kit/pkg/providers/common/streaming.go:175.54,183.2 1 1
github.com/cecil-the-coder/ai-provider-kit/pkg/providers/common/streaming.go:186.96,188.66 2 1
github.com/cecil-the-coder/ai-provider-kit/pkg/providers/common/streaming.go:188.66,190.3 1 1
github.com/cecil-the-coder/ai-provider-kit/pkg/providers/common/streaming.go:192.2,195.67 2 1
github.com/cecil-the-coder/ai-provider-kit/pkg/providers/common/streaming.go:195.67,196.51 1 1
github.com/cecil-the-coder/ai-provider-kit/pkg/providers/common/streaming.go:196.51,198.4 1 1
github.com/cecil-the-coder/ai-provider-kit/pkg/providers/common/streaming.go:202.2,202.69 1 1
github.com/cecil-the-coder/ai-provider-kit/pkg/providers/common/streaming.go:202.69,203.86 1 1
github.com/cecil-the-coder/ai-provider-kit/pkg/providers/common/streaming.go:203.86,206.4 2 1
github.com/cecil-the-coder/ai-provider-kit/pkg/providers/common/streaming.go:210.2,210.51 1 1
github.com/cecil-the-coder/ai-provider-kit/pkg/providers/common/streaming.go:210.51,211.61 1 1
github.com/cecil-the-coder/ai-provider-kit/pkg/providers/common/streaming.go:211.61,213.67 2 1
github.com/cecil-the-coder/ai-provider-kit/pkg/providers/common/streaming.go:213.67,215.5 1 1
github.com/cecil-the-coder/ai-provider-kit/pkg/providers/common/streaming.go:216.4,216.75 1 1
github.com/cecil-the-coder/ai-provider-kit/pkg/providers/common/streaming.go:216.75,218.5 1 1
github.com/cecil-the-coder/ai-provider-kit/pkg/providers/common/streaming.go:219.4,219.65 1 1
github.com/cecil-the-coder/ai-provider-kit/pkg/providers/common/streaming.go:219.65,221.5 1 1
github.com/cecil-the-coder/ai-provider-kit/pkg/providers/common/streaming.go:226.2,226.75 1 1
github.com/cecil-the-coder/ai-provider-kit/pkg/providers/common/streaming.go:226.75,227.62 1 0
github.com/cecil-the-coder/ai-provider-kit/pkg/providers/common/streaming.go:227.62,236.4 1 0
github.com/cecil-the-coder/ai-provider-kit/pkg/providers/common/streaming.go:239.2,239.31 1 1
github.com/cecil-the-coder/ai-provider-kit/pkg/providers/common/streaming.go:244.83,249.21 4 1
github.com/cecil-the-coder/ai-provider-kit/pkg/providers/common/streaming.go:249.21,253.25 2 1
github.com/cecil-the-coder/ai-provider-kit/pkg/providers/common/streaming.go:253.25,254.14 1 1
github.com/cecil-the-coder/ai-provider-kit/pkg/providers/common/streaming.go:254.14,257.5 1 0
github.com/cecil-the-coder/ai-provider-kit/pkg/providers/common/streaming.go:260.4,261.58 2 1
github.com/cecil-the-coder/ai-provider-kit/pkg/providers/common/streaming.go:261.58,263.41 2 1
github.com/cecil-the-coder/ai-provider-kit/pkg/providers/common/streaming.go:263.41,264.26 1 1
github.com/cecil-the-coder/ai-provider-kit/pkg/providers/common/streaming.go:264.26,266.67 1 1
github.com/cecil-the-coder/ai-provider-kit/pkg/providers/common/streaming.go:266.67,268.8 1 1
github.com/cecil-the-coder/ai-provider-kit/pkg/providers/common/streaming.go:268.13,270.8 1 0
github.com/cecil-the-coder/ai-provider-kit/pkg/providers/common/streaming.go:271.12,274.7 1 0
github.com/cecil-the-coder/ai-provider-kit/pkg/providers/common/streaming.go:275.11,277.6 1 1
github.com/cecil-the-coder/ai-provider-kit/pkg/providers/common/streaming.go:278.10,280.5 1 0
github.com/cecil-the-coder/ai-provider-kit/pkg/providers/common/streaming.go:281.9,283.25 1 1
github.com/cecil-the-coder/ai-provider-kit/pkg/providers/common/streaming.go:283.25,287.5 2 1
github.com/cecil-the-coder/ai-provider-kit/pkg/providers/common/streaming.go:290.4,290.62 1 1
github.com/cecil-the-coder/ai-provider-kit/pkg/providers/common/streaming.go:290.62,292.5 1 1
github.com/cecil-the-coder/ai-provider-kit/pkg/providers/common/streaming.go:292.10,294.52 1 1
github.com/cecil-the-coder/ai-provider-kit/pkg/providers/common/streaming.go:294.52,296.6 1 1
github.com/cecil-the-coder/ai-provider-kit/pkg/providers/common/streaming.go:300.3,300.6 1 1
github.com/cecil-the-coder/ai-provider-kit/pkg/providers/common/streaming.go:303.2,303.19 1 0
github.com/cecil-the-coder/ai-provider-kit/pkg/providers/common/streaming.go:307.34,308.17 1 1
github.com/cecil-the-coder/ai-provider-kit/pkg/providers/common/streaming.go:308.17,310.3 1 1
github.com/cecil-the-coder/ai-provider-kit/pkg/providers/common/streaming.go:311.2,311.22 1 1
github.com/cecil-the-coder/ai-provider-kit/pkg/providers/common/streaming.go:311.22,312.25 1 1
github.com/cecil-the-coder/ai-provider-kit/pkg/providers/common/streaming.go:312.25,314.4 1 1
github.com/cecil-the-coder/ai-provider-kit/pkg/providers/common/streaming.go:316.2,316.13 1 1
github.com/cecil-the-coder/ai-provider-kit/pkg/providers/common/streaming.go:320.36,322.22 2 1
github.com/cecil-the-coder/ai-provider-kit/pkg/providers/common/streaming.go:322.22,324.3 1 1
github.com/cecil-the-coder/ai-provider-kit/pkg/providers/common/streaming.go:325.2,325.15 1 1
github.com/cecil-the-coder/ai-provider-kit/pkg/providers/common/streaming.go:329.70,331.36 2 1
github.com/cecil-the-coder/ai-provider-kit/pkg/providers/common/streaming.go:331.36,332.57 1 1
github.com/cecil-the-coder/ai-provider-kit/pkg/providers/common/streaming.go:332.57,334.48 2 1
github.com/cecil-the-coder/ai-provider-kit/pkg/providers/common/streaming.go:334.48,336.5 1 1
github.com/cecil-the-coder/ai-provider-kit/pkg/providers/common/streaming.go:337.4,337.51 1 1
github.com/cecil-the-coder/ai-provider-kit/pkg/providers/common/streaming.go:337.51,339.5 1 1
github.com/cecil-the-coder/ai-provider-kit/pkg/providers/common/streaming.go:340.4,340.79 1 1
github.com/cecil-the-coder/ai-provider-kit/pkg/providers/common/streaming.go:340.79,342.53 2 1
github.com/cecil-the-coder/ai-provider-kit/pkg/providers/common/streaming.go:342.53,344.6 1 1
github.com/cecil-the-coder/ai-provider-kit/pkg/providers/common/streaming.go:345.5,345.58 1 1
github.com/cecil-the-coder/ai-provider-kit/pkg/providers/common/streaming.go:345.58,347.6 1 1
github.com/cecil-the-coder/ai-provider-kit/pkg/providers/common/streaming.go:349.4,349.43 1 1
github.com/cecil-the-coder/ai-provider-kit/pkg/providers/common/streaming.go:352.2,352.18 1 1
github.com/cecil-the-coder/ai-provider-kit/pkg/providers/common/streaming.go:359.56,361.2 1 1
github.com/cecil-the-coder/ai-provider-kit/pkg/providers/common/streaming.go:364.97,366.66 2 1
github.com/cecil-the-coder/ai-provider-kit/pkg/providers/common/streaming.go:366.66,368.3 1 1
github.com/cecil-the-coder/ai-provider-kit/pkg/providers/common/streaming.go:371.2,373.19 2 1
github.com/cecil-the-coder/ai-provider-kit/pkg/providers/common/streaming.go:374.29,376.68 1 1
github.com/cecil-the-coder/ai-provider-kit/pkg/providers/common/streaming.go:376.68,377.46 1 1
github.com/cecil-the-coder/ai-provider-kit/pkg/providers/common/streaming.go:377.46,382.5 1 1
github.com/cecil-the-coder/ai-provider-kit/pkg/providers/common/streaming.go:385.22,390.68 2 1
github.com/cecil-the-coder/ai-provider-kit/pkg/providers/common/streaming.go:390.68,392.62 2 0
github.com/cecil-the-coder/ai-provider-kit/pkg/providers/common/streaming.go:392.62,394.5 1 0
github.com/cecil-the-coder/ai-provider-kit/pkg/providers/common/streaming.go:395.4,395.64 1 0
github.com/cecil-the-coder/ai-provider-kit/pkg/providers/common/streaming.go:395.64,397.5 1 0
github.com/cecil-the-coder/ai-provider-kit/pkg/providers/common/streaming.go:398.4,398.85 1 0
github.com/cecil-the-coder/ai-provider-kit/pkg/providers/common/streaming.go:401.3,401.26 1 1
github.com/cecil-the-coder/ai-provider-kit/pkg/providers/common/streaming.go:403.15,405.68 1 1
github.com/cecil-the-coder/ai-provider-kit/pkg/providers/common/streaming.go:405.68,406.52 1 1
github.com/cecil-the-coder/ai-provider-kit/pkg/providers/common/streaming.go:406.52,411.5 1 1
github.com/cecil-the-coder/ai-provider-kit/pkg/providers/common/streaming.go:415.2,415.48 1 0
github.com/cecil-the-coder/ai-provider-kit/pkg/providers/common/streaming.go:425.68,430.2 1 1
github.com/cecil-the-coder/ai-provider-kit/pkg/providers/common/streaming.go:433.65,434.32 1 1
github.com/cecil-the-coder/ai-provider-kit/pkg/providers/common/streaming.go:434.32,436.3 1 1
github.com/cecil-the-coder/ai-provider-kit/pkg/providers/common/streaming.go:438.2,440.19 3 1
github.com/cecil-the-coder/ai-provider-kit/pkg/providers/common/streaming.go:444.37,447.2 2 1
github.com/cecil-the-coder/ai-provider-kit/pkg/providers/common/streaming.go:450.111,455.2 1 1
github.com/cecil-the-coder/ai-provider-kit/pkg/providers/common/streaming.go:464.74,465.9 1 1
github.com/cecil-the-coder/ai-provider-kit/pkg/providers/common/streaming.go:466.24,467.62 1 1
github.com/cecil-the-coder/ai-provider-kit/pkg/providers/common/streaming.go:468.10,469.31 1 1
github.com/cecil-the-coder/ai-provider-kit/pkg/providers/common/streaming.go:474.46,476.2 1 1
github.com/cecil-the-coder/ai-provider-kit/pkg/providers/common/streaming.go:481.77,485.2 3 1
github.com/cecil-the-coder/ai-provider-kit/pkg/providers/common/streaming.go:488.80,492.2 3 1
github.com/cecil-the-coder/ai-provider-kit/pkg/providers/common/streaming.go:495.98,498.2 2 1
github.com/cecil-the-coder/ai-provider-kit/pkg/providers/common/streaming.go:501.62,503.2 1 1
github.com/cecil-the-coder/ai-provider-kit/pkg/providers/common/streaming.go:510.66,512.2 1 1
github.com/cecil-the-coder/ai-provider-kit/pkg/providers/common/streaming.go:514.38,516.2 1 1
